Determining if the pthread_create exist failed with the following output:
Change Dir: /home/mi/besahre/Documents/Bachelorarbeit/Modelcar-111/catkin_ws_user/build/fub_cmake/CMakeFiles/CMakeTmp

Run Build Command:"/usr/bin/make" "cmTC_965ee/fast"
/usr/bin/make -f CMakeFiles/cmTC_965ee.dir/build.make CMakeFiles/cmTC_965ee.dir/build
make[1]: Entering directory '/home/mi/besahre/Documents/Bachelorarbeit/Modelcar-111/catkin_ws_user/build/fub_cmake/CMakeFiles/CMakeTmp'
Building C object CMakeFiles/cmTC_965ee.dir/CheckSymbolExists.c.o
/usr/bin/cc     -o CMakeFiles/cmTC_965ee.dir/CheckSymbolExists.c.o   -c /home/mi/besahre/Documents/Bachelorarbeit/Modelcar-111/catkin_ws_user/build/fub_cmake/CMakeFiles/CMakeTmp/CheckSymbolExists.c
Linking C executable cmTC_965ee
/usr/bin/cmake -E cmake_link_script CMakeFiles/cmTC_965ee.dir/link.txt --verbose=1
/usr/bin/cc       CMakeFiles/cmTC_965ee.dir/CheckSymbolExists.c.o  -o cmTC_965ee -rdynamic 
CMakeFiles/cmTC_965ee.dir/CheckSymbolExists.c.o: In function `main':
CheckSymbolExists.c:(.text+0x16): undefined reference to `pthread_create'
collect2: error: ld returned 1 exit status
CMakeFiles/cmTC_965ee.dir/build.make:97: recipe for target 'cmTC_965ee' failed
make[1]: *** [cmTC_965ee] Error 1
make[1]: Leaving directory '/home/mi/besahre/Documents/Bachelorarbeit/Modelcar-111/catkin_ws_user/build/fub_cmake/CMakeFiles/CMakeTmp'
Makefile:126: recipe for target 'cmTC_965ee/fast' failed
make: *** [cmTC_965ee/fast] Error 2

File /home/mi/besahre/Documents/Bachelorarbeit/Modelcar-111/catkin_ws_user/build/fub_cmake/CMakeFiles/CMakeTmp/CheckSymbolExists.c:
/* */
#include <pthread.h>

int main(int argc, char** argv)
{
  (void)argv;
#ifndef pthread_create
  return ((int*)(&pthread_create))[argc];
#else
  (void)argc;
  return 0;
#endif
}

Determining if the function pthread_create exists in the pthreads failed with the following output:
Change Dir: /home/mi/besahre/Documents/Bachelorarbeit/Modelcar-111/catkin_ws_user/build/fub_cmake/CMakeFiles/CMakeTmp

Run Build Command:"/usr/bin/make" "cmTC_d5864/fast"
/usr/bin/make -f CMakeFiles/cmTC_d5864.dir/build.make CMakeFiles/cmTC_d5864.dir/build
make[1]: Entering directory '/home/mi/besahre/Documents/Bachelorarbeit/Modelcar-111/catkin_ws_user/build/fub_cmake/CMakeFiles/CMakeTmp'
Building C object CMakeFiles/cmTC_d5864.dir/CheckFunctionExists.c.o
/usr/bin/cc    -DCHECK_FUNCTION_EXISTS=pthread_create   -o CMakeFiles/cmTC_d5864.dir/CheckFunctionExists.c.o   -c /usr/share/cmake-3.5/Modules/CheckFunctionExists.c
Linking C executable cmTC_d5864
/usr/bin/cmake -E cmake_link_script CMakeFiles/cmTC_d5864.dir/link.txt --verbose=1
/usr/bin/cc   -DCHECK_FUNCTION_EXISTS=pthread_create    CMakeFiles/cmTC_d5864.dir/CheckFunctionExists.c.o  -o cmTC_d5864 -rdynamic -lpthreads 
/usr/bin/ld: cannot find -lpthreads
collect2: error: ld returned 1 exit status
CMakeFiles/cmTC_d5864.dir/build.make:97: recipe for target 'cmTC_d5864' failed
make[1]: *** [cmTC_d5864] Error 1
make[1]: Leaving directory '/home/mi/besahre/Documents/Bachelorarbeit/Modelcar-111/catkin_ws_user/build/fub_cmake/CMakeFiles/CMakeTmp'
Makefile:126: recipe for target 'cmTC_d5864/fast' failed
make: *** [cmTC_d5864/fast] Error 2


