[35m[1mScanning dependencies of target fub_controller_mig_nodelet[0m
[35m[1mScanning dependencies of target fub_controller_gencfg[0m
[  8%] [34m[1mGenerating dynamic reconfigure files from cfg/ControllerMig.cfg: /home/name-not-found/Dokumente/Bachelorarbeit/Modelcar-111/catkin_ws_user/devel/.private/fub_controller/include/fub_controller/ControllerMigConfig.h /home/name-not-found/Dokumente/Bachelorarbeit/Modelcar-111/catkin_ws_user/devel/.private/fub_controller/lib/python2.7/dist-packages/fub_controller/cfg/ControllerMigConfig.py[0m
Generating reconfiguration files for ControllerMig in fub_controller
Wrote header file in /home/name-not-found/Dokumente/Bachelorarbeit/Modelcar-111/catkin_ws_user/devel/.private/fub_controller/include/fub_controller/ControllerMigConfig.h
[ 16%] [34m[1mGenerating dynamic reconfigure files from cfg/ControllerMigPath.cfg: /home/name-not-found/Dokumente/Bachelorarbeit/Modelcar-111/catkin_ws_user/devel/.private/fub_controller/include/fub_controller/ControllerMigPathConfig.h /home/name-not-found/Dokumente/Bachelorarbeit/Modelcar-111/catkin_ws_user/devel/.private/fub_controller/lib/python2.7/dist-packages/fub_controller/cfg/ControllerMigPathConfig.py[0m
Generating reconfiguration files for ControllerMigPath in fub_controller
Wrote header file in /home/name-not-found/Dokumente/Bachelorarbeit/Modelcar-111/catkin_ws_user/devel/.private/fub_controller/include/fub_controller/ControllerMigPathConfig.h
[ 25%] [34m[1mGenerating dynamic reconfigure files from cfg/ControllerMigSteer.cfg: /home/name-not-found/Dokumente/Bachelorarbeit/Modelcar-111/catkin_ws_user/devel/.private/fub_controller/include/fub_controller/ControllerMigSteerConfig.h /home/name-not-found/Dokumente/Bachelorarbeit/Modelcar-111/catkin_ws_user/devel/.private/fub_controller/lib/python2.7/dist-packages/fub_controller/cfg/ControllerMigSteerConfig.py[0m
[ 33%] [32mBuilding CXX object CMakeFiles/fub_controller_mig_nodelet.dir/src/controller_mig/ControllerMig.cpp.o[0m
Generating reconfiguration files for ControllerMigSteer in fub_controller
Wrote header file in /home/name-not-found/Dokumente/Bachelorarbeit/Modelcar-111/catkin_ws_user/devel/.private/fub_controller/include/fub_controller/ControllerMigSteerConfig.h
[ 33%] Built target fub_controller_gencfg
[ 41%] [32mBuilding CXX object CMakeFiles/fub_controller_mig_nodelet.dir/src/controller_mig/PathFollower.cpp.o[0m
In file included from [01m[K/home/name-not-found/Dokumente/Bachelorarbeit/Modelcar-111/catkin_ws_user/src/fub_controller/src/controller_mig/PathFollower.h:5:0[m[K,
                 from [01m[K/home/name-not-found/Dokumente/Bachelorarbeit/Modelcar-111/catkin_ws_user/src/fub_controller/src/controller_mig/PathFollower.cpp:1[m[K:
[01m[K/home/name-not-found/Dokumente/Bachelorarbeit/Modelcar-111/catkin_ws_user/src/fub_controller/src/util/Spline.h:73:29:[m[K [01;35m[Kwarning: [m[Knon-static data member initializers only available with -std=c++11 or -std=gnu++11
     double mFirstParam   = -1.0;
[01;32m[K                             ^[m[K
[01m[K/home/name-not-found/Dokumente/Bachelorarbeit/Modelcar-111/catkin_ws_user/src/fub_controller/src/util/Spline.h:74:29:[m[K [01;35m[Kwarning: [m[Knon-static data member initializers only available with -std=c++11 or -std=gnu++11
     double mLastParam    = -1.0;
[01;32m[K                             ^[m[K
In file included from [01m[K/home/name-not-found/Dokumente/Bachelorarbeit/Modelcar-111/catkin_ws_user/src/fub_controller/src/controller_mig/PathFollower.h:5:0[m[K,
                 from [01m[K/home/name-not-found/Dokumente/Bachelorarbeit/Modelcar-111/catkin_ws_user/src/fub_controller/src/controller_mig/ControllerMig.h:8[m[K,
                 from [01m[K/home/name-not-found/Dokumente/Bachelorarbeit/Modelcar-111/catkin_ws_user/src/fub_controller/src/controller_mig/ControllerMig.cpp:1[m[K:
[01m[K/home/name-not-found/Dokumente/Bachelorarbeit/Modelcar-111/catkin_ws_user/src/fub_controller/src/util/Spline.h:73:29:[m[K [01;35m[Kwarning: [m[Knon-static data member initializers only available with -std=c++11 or -std=gnu++11
     double mFirstParam   = -1.0;
[01;32m[K                             ^[m[K
[01m[K/home/name-not-found/Dokumente/Bachelorarbeit/Modelcar-111/catkin_ws_user/src/fub_controller/src/util/Spline.h:74:29:[m[K [01;35m[Kwarning: [m[Knon-static data member initializers only available with -std=c++11 or -std=gnu++11
     double mLastParam    = -1.0;
[01;32m[K                             ^[m[K
In file included from [01m[K/home/name-not-found/Dokumente/Bachelorarbeit/Modelcar-111/catkin_ws_user/src/fub_controller/src/controller_mig/ControllerMig.h:9:0[m[K,
                 from [01m[K/home/name-not-found/Dokumente/Bachelorarbeit/Modelcar-111/catkin_ws_user/src/fub_controller/src/controller_mig/ControllerMig.cpp:1[m[K:
[01m[K/home/name-not-found/Dokumente/Bachelorarbeit/Modelcar-111/catkin_ws_user/src/fub_controller/src/controller_mig/SteerController.h:35:29:[m[K [01;35m[Kwarning: [m[Knon-static data member initializers only available with -std=c++11 or -std=gnu++11
     double mSteerIntegral = 0.0;
[01;32m[K                             ^[m[K
[01m[K/home/name-not-found/Dokumente/Bachelorarbeit/Modelcar-111/catkin_ws_user/src/fub_controller/src/controller_mig/SteerController.h:36:29:[m[K [01;35m[Kwarning: [m[Knon-static data member initializers only available with -std=c++11 or -std=gnu++11
     double mOldSteerError = 0.0;
[01;32m[K                             ^[m[K
In file included from [01m[K/home/name-not-found/Dokumente/Bachelorarbeit/Modelcar-111/catkin_ws_user/src/fub_controller/src/controller_mig/ControllerMig.cpp:1:0[m[K:
[01m[K/home/name-not-found/Dokumente/Bachelorarbeit/Modelcar-111/catkin_ws_user/src/fub_controller/src/controller_mig/ControllerMig.h:30:23:[m[K [01;35m[Kwarning: [m[Kdefaulted and deleted functions only available with -std=c++11 or -std=gnu++11
     ControllerMig() = default;
[01;32m[K                       ^[m[K
[01m[K/home/name-not-found/Dokumente/Bachelorarbeit/Modelcar-111/catkin_ws_user/src/fub_controller/src/controller_mig/ControllerMig.h:32:32:[m[K [01;35m[Kwarning: [m[Kdefaulted and deleted functions only available with -std=c++11 or -std=gnu++11
     virtual ~ControllerMig() = default;
[01;32m[K                                ^[m[K
[01m[K/home/name-not-found/Dokumente/Bachelorarbeit/Modelcar-111/catkin_ws_user/src/fub_controller/src/controller_mig/ControllerMig.h:36:25:[m[K [01;35m[Kwarning: [m[Koverride controls (override/final) only available with -std=c++11 or -std=gnu++11
     virtual void onInit() override;
[01;32m[K                         ^[m[K
[01m[K/home/name-not-found/Dokumente/Bachelorarbeit/Modelcar-111/catkin_ws_user/src/fub_controller/src/controller_mig/ControllerMig.h:46:92:[m[K [01;35m[Kwarning: [m[Koverride controls (override/final) only available with -std=c++11 or -std=gnu++11
     void configurationCallback(fub_controller::ControllerMigConfig & config, uint32_t level) override;
[01;32m[K                                                                                            ^[m[K
[35m[1mScanning dependencies of target fub_controller_mig[0m
[ 50%] [32mBuilding CXX object CMakeFiles/fub_controller_mig.dir/src/controller_mig/main.cpp.o[0m
[ 58%] [32m[1mLinking CXX executable /home/name-not-found/Dokumente/Bachelorarbeit/Modelcar-111/catkin_ws_user/devel/.private/fub_controller/lib/fub_controller/fub_controller_mig[0m
[ 58%] Built target fub_controller_mig
[ 66%] [32mBuilding CXX object CMakeFiles/fub_controller_mig_nodelet.dir/src/controller_mig/SteerController.cpp.o[0m
[ 75%] [32mBuilding CXX object CMakeFiles/fub_controller_mig_nodelet.dir/src/controller_mig/VehicleState.cpp.o[0m
In file included from [01m[K/home/name-not-found/Dokumente/Bachelorarbeit/Modelcar-111/catkin_ws_user/src/fub_controller/src/controller_mig/SteerController.cpp:1:0[m[K:
[01m[K/home/name-not-found/Dokumente/Bachelorarbeit/Modelcar-111/catkin_ws_user/src/fub_controller/src/controller_mig/SteerController.h:35:29:[m[K [01;35m[Kwarning: [m[Knon-static data member initializers only available with -std=c++11 or -std=gnu++11
     double mSteerIntegral = 0.0;
[01;32m[K                             ^[m[K
[01m[K/home/name-not-found/Dokumente/Bachelorarbeit/Modelcar-111/catkin_ws_user/src/fub_controller/src/controller_mig/SteerController.h:36:29:[m[K [01;35m[Kwarning: [m[Knon-static data member initializers only available with -std=c++11 or -std=gnu++11
     double mOldSteerError = 0.0;
[01;32m[K                             ^[m[K
[ 83%] [32mBuilding CXX object CMakeFiles/fub_controller_mig_nodelet.dir/src/util/Math.cpp.o[0m
[ 91%] [32mBuilding CXX object CMakeFiles/fub_controller_mig_nodelet.dir/src/util/Spline.cpp.o[0m
In file included from [01m[K/home/name-not-found/Dokumente/Bachelorarbeit/Modelcar-111/catkin_ws_user/src/fub_controller/src/util/Spline.cpp:1:0[m[K:
[01m[K/home/name-not-found/Dokumente/Bachelorarbeit/Modelcar-111/catkin_ws_user/src/fub_controller/src/util/Spline.h:73:29:[m[K [01;35m[Kwarning: [m[Knon-static data member initializers only available with -std=c++11 or -std=gnu++11
     double mFirstParam   = -1.0;
[01;32m[K                             ^[m[K
[01m[K/home/name-not-found/Dokumente/Bachelorarbeit/Modelcar-111/catkin_ws_user/src/fub_controller/src/util/Spline.h:74:29:[m[K [01;35m[Kwarning: [m[Knon-static data member initializers only available with -std=c++11 or -std=gnu++11
     double mLastParam    = -1.0;
[01;32m[K                             ^[m[K
[100%] [32m[1mLinking CXX shared library /home/name-not-found/Dokumente/Bachelorarbeit/Modelcar-111/catkin_ws_user/devel/.private/fub_controller/lib/libfub_controller_mig_nodelet.so[0m
[100%] Built target fub_controller_mig_nodelet
