In file included from [01m[K/home/name-not-found/Dokumente/Bachelorarbeit/Modelcar-111/catkin_ws_user/src/fub_controller/src/controller_mig/SteerController.cpp:1:0[m[K:
[01m[K/home/name-not-found/Dokumente/Bachelorarbeit/Modelcar-111/catkin_ws_user/src/fub_controller/src/controller_mig/SteerController.h:35:29:[m[K [01;35m[Kwarning: [m[Knon-static data member initializers only available with -std=c++11 or -std=gnu++11
     double mSteerIntegral = 0.0;
[01;32m[K                             ^[m[K
[01m[K/home/name-not-found/Dokumente/Bachelorarbeit/Modelcar-111/catkin_ws_user/src/fub_controller/src/controller_mig/SteerController.h:36:29:[m[K [01;35m[Kwarning: [m[Knon-static data member initializers only available with -std=c++11 or -std=gnu++11
     double mOldSteerError = 0.0;
[01;32m[K                             ^[m[K
In file included from [01m[K/home/name-not-found/Dokumente/Bachelorarbeit/Modelcar-111/catkin_ws_user/src/fub_controller/src/controller_mig/PathFollower.h:5:0[m[K,
                 from [01m[K/home/name-not-found/Dokumente/Bachelorarbeit/Modelcar-111/catkin_ws_user/src/fub_controller/src/controller_mig/PathFollower.cpp:1[m[K:
[01m[K/home/name-not-found/Dokumente/Bachelorarbeit/Modelcar-111/catkin_ws_user/src/fub_controller/src/util/Spline.h:73:29:[m[K [01;35m[Kwarning: [m[Knon-static data member initializers only available with -std=c++11 or -std=gnu++11
     double mFirstParam   = -1.0;
[01;32m[K                             ^[m[K
[01m[K/home/name-not-found/Dokumente/Bachelorarbeit/Modelcar-111/catkin_ws_user/src/fub_controller/src/util/Spline.h:74:29:[m[K [01;35m[Kwarning: [m[Knon-static data member initializers only available with -std=c++11 or -std=gnu++11
     double mLastParam    = -1.0;
[01;32m[K                             ^[m[K
In file included from [01m[K/home/name-not-found/Dokumente/Bachelorarbeit/Modelcar-111/catkin_ws_user/src/fub_controller/src/util/Spline.cpp:1:0[m[K:
[01m[K/home/name-not-found/Dokumente/Bachelorarbeit/Modelcar-111/catkin_ws_user/src/fub_controller/src/util/Spline.h:73:29:[m[K [01;35m[Kwarning: [m[Knon-static data member initializers only available with -std=c++11 or -std=gnu++11
     double mFirstParam   = -1.0;
[01;32m[K                             ^[m[K
[01m[K/home/name-not-found/Dokumente/Bachelorarbeit/Modelcar-111/catkin_ws_user/src/fub_controller/src/util/Spline.h:74:29:[m[K [01;35m[Kwarning: [m[Knon-static data member initializers only available with -std=c++11 or -std=gnu++11
     double mLastParam    = -1.0;
[01;32m[K                             ^[m[K
