Symlinking /home/name-not-found/Dokumente/Bachelorarbeit/Modelcar-111/catkin_ws_user/devel/share/fub_controller/docs/ControllerMigPathConfig.wikidoc
Symlinking /home/name-not-found/Dokumente/Bachelorarbeit/Modelcar-111/catkin_ws_user/devel/share/fub_controller/docs/ControllerMigConfig-usage.dox
Symlinking /home/name-not-found/Dokumente/Bachelorarbeit/Modelcar-111/catkin_ws_user/devel/share/fub_controller/docs/ControllerMigSteerConfig.wikidoc
Symlinking /home/name-not-found/Dokumente/Bachelorarbeit/Modelcar-111/catkin_ws_user/devel/share/fub_controller/docs/ControllerMigSteerConfig.dox
Symlinking /home/name-not-found/Dokumente/Bachelorarbeit/Modelcar-111/catkin_ws_user/devel/share/fub_controller/docs/ControllerMigPathConfig.dox
Symlinking /home/name-not-found/Dokumente/Bachelorarbeit/Modelcar-111/catkin_ws_user/devel/share/fub_controller/docs/ControllerMigConfig.wikidoc
Symlinking /home/name-not-found/Dokumente/Bachelorarbeit/Modelcar-111/catkin_ws_user/devel/share/fub_controller/docs/ControllerMigConfig.dox
Symlinking /home/name-not-found/Dokumente/Bachelorarbeit/Modelcar-111/catkin_ws_user/devel/share/fub_controller/docs/ControllerMigSteerConfig-usage.dox
Symlinking /home/name-not-found/Dokumente/Bachelorarbeit/Modelcar-111/catkin_ws_user/devel/share/fub_controller/docs/ControllerMigPathConfig-usage.dox
Symlinking /home/name-not-found/Dokumente/Bachelorarbeit/Modelcar-111/catkin_ws_user/devel/share/fub_controller/cmake/fub_controllerConfig.cmake
Symlinking /home/name-not-found/Dokumente/Bachelorarbeit/Modelcar-111/catkin_ws_user/devel/share/fub_controller/cmake/fub_controllerConfig-version.cmake
Symlinking /home/name-not-found/Dokumente/Bachelorarbeit/Modelcar-111/catkin_ws_user/devel/lib/libfub_controller_mig_nodelet.so
Symlinking /home/name-not-found/Dokumente/Bachelorarbeit/Modelcar-111/catkin_ws_user/devel/lib/python2.7/dist-packages/fub_controller/__init__.py
Symlinking /home/name-not-found/Dokumente/Bachelorarbeit/Modelcar-111/catkin_ws_user/devel/lib/python2.7/dist-packages/fub_controller/cfg/ControllerMigConfig.py
Symlinking /home/name-not-found/Dokumente/Bachelorarbeit/Modelcar-111/catkin_ws_user/devel/lib/python2.7/dist-packages/fub_controller/cfg/ControllerMigSteerConfig.py
Symlinking /home/name-not-found/Dokumente/Bachelorarbeit/Modelcar-111/catkin_ws_user/devel/lib/python2.7/dist-packages/fub_controller/cfg/ControllerMigPathConfig.py
Symlinking /home/name-not-found/Dokumente/Bachelorarbeit/Modelcar-111/catkin_ws_user/devel/lib/python2.7/dist-packages/fub_controller/cfg/__init__.py
Symlinking /home/name-not-found/Dokumente/Bachelorarbeit/Modelcar-111/catkin_ws_user/devel/lib/fub_controller/fub_controller_mig
Symlinking /home/name-not-found/Dokumente/Bachelorarbeit/Modelcar-111/catkin_ws_user/devel/lib/pkgconfig/fub_controller.pc
Symlinking /home/name-not-found/Dokumente/Bachelorarbeit/Modelcar-111/catkin_ws_user/devel/include/fub_controller/ControllerMigSteerConfig.h
Symlinking /home/name-not-found/Dokumente/Bachelorarbeit/Modelcar-111/catkin_ws_user/devel/include/fub_controller/ControllerMigPathConfig.h
Symlinking /home/name-not-found/Dokumente/Bachelorarbeit/Modelcar-111/catkin_ws_user/devel/include/fub_controller/ControllerMigConfig.h
