In file included from [01m[K/home/name-not-found/Dokumente/Bachelorarbeit/Modelcar-111/catkin_ws_user/src/fub_controller/src/controller_mig/PathFollower.h:5:0[m[K,
                 from [01m[K/home/name-not-found/Dokumente/Bachelorarbeit/Modelcar-111/catkin_ws_user/src/fub_controller/src/controller_mig/ControllerMig.h:8[m[K,
                 from [01m[K/home/name-not-found/Dokumente/Bachelorarbeit/Modelcar-111/catkin_ws_user/src/fub_controller/src/controller_mig/ControllerMig.cpp:1[m[K:
[01m[K/home/name-not-found/Dokumente/Bachelorarbeit/Modelcar-111/catkin_ws_user/src/fub_controller/src/util/Spline.h:73:29:[m[K [01;35m[Kwarning: [m[Knon-static data member initializers only available with -std=c++11 or -std=gnu++11
     double mFirstParam   = -1.0;
[01;32m[K                             ^[m[K
[01m[K/home/name-not-found/Dokumente/Bachelorarbeit/Modelcar-111/catkin_ws_user/src/fub_controller/src/util/Spline.h:74:29:[m[K [01;35m[Kwarning: [m[Knon-static data member initializers only available with -std=c++11 or -std=gnu++11
     double mLastParam    = -1.0;
[01;32m[K                             ^[m[K
In file included from [01m[K/home/name-not-found/Dokumente/Bachelorarbeit/Modelcar-111/catkin_ws_user/src/fub_controller/src/controller_mig/ControllerMig.h:9:0[m[K,
                 from [01m[K/home/name-not-found/Dokumente/Bachelorarbeit/Modelcar-111/catkin_ws_user/src/fub_controller/src/controller_mig/ControllerMig.cpp:1[m[K:
[01m[K/home/name-not-found/Dokumente/Bachelorarbeit/Modelcar-111/catkin_ws_user/src/fub_controller/src/controller_mig/SteerController.h:35:29:[m[K [01;35m[Kwarning: [m[Knon-static data member initializers only available with -std=c++11 or -std=gnu++11
     double mSteerIntegral = 0.0;
[01;32m[K                             ^[m[K
[01m[K/home/name-not-found/Dokumente/Bachelorarbeit/Modelcar-111/catkin_ws_user/src/fub_controller/src/controller_mig/SteerController.h:36:29:[m[K [01;35m[Kwarning: [m[Knon-static data member initializers only available with -std=c++11 or -std=gnu++11
     double mOldSteerError = 0.0;
[01;32m[K                             ^[m[K
In file included from [01m[K/home/name-not-found/Dokumente/Bachelorarbeit/Modelcar-111/catkin_ws_user/src/fub_controller/src/controller_mig/ControllerMig.cpp:1:0[m[K:
[01m[K/home/name-not-found/Dokumente/Bachelorarbeit/Modelcar-111/catkin_ws_user/src/fub_controller/src/controller_mig/ControllerMig.h:30:23:[m[K [01;35m[Kwarning: [m[Kdefaulted and deleted functions only available with -std=c++11 or -std=gnu++11
     ControllerMig() = default;
[01;32m[K                       ^[m[K
[01m[K/home/name-not-found/Dokumente/Bachelorarbeit/Modelcar-111/catkin_ws_user/src/fub_controller/src/controller_mig/ControllerMig.h:32:32:[m[K [01;35m[Kwarning: [m[Kdefaulted and deleted functions only available with -std=c++11 or -std=gnu++11
     virtual ~ControllerMig() = default;
[01;32m[K                                ^[m[K
[01m[K/home/name-not-found/Dokumente/Bachelorarbeit/Modelcar-111/catkin_ws_user/src/fub_controller/src/controller_mig/ControllerMig.h:36:25:[m[K [01;35m[Kwarning: [m[Koverride controls (override/final) only available with -std=c++11 or -std=gnu++11
     virtual void onInit() override;
[01;32m[K                         ^[m[K
[01m[K/home/name-not-found/Dokumente/Bachelorarbeit/Modelcar-111/catkin_ws_user/src/fub_controller/src/controller_mig/ControllerMig.h:46:92:[m[K [01;35m[Kwarning: [m[Koverride controls (override/final) only available with -std=c++11 or -std=gnu++11
     void configurationCallback(fub_controller::ControllerMigConfig & config, uint32_t level) override;
[01;32m[K                                                                                            ^[m[K
In file included from [01m[K/home/name-not-found/Dokumente/Bachelorarbeit/Modelcar-111/catkin_ws_user/src/fub_controller/src/controller_mig/PathFollower.h:5:0[m[K,
                 from [01m[K/home/name-not-found/Dokumente/Bachelorarbeit/Modelcar-111/catkin_ws_user/src/fub_controller/src/controller_mig/PathFollower.cpp:1[m[K:
[01m[K/home/name-not-found/Dokumente/Bachelorarbeit/Modelcar-111/catkin_ws_user/src/fub_controller/src/util/Spline.h:73:29:[m[K [01;35m[Kwarning: [m[Knon-static data member initializers only available with -std=c++11 or -std=gnu++11
     double mFirstParam   = -1.0;
[01;32m[K                             ^[m[K
[01m[K/home/name-not-found/Dokumente/Bachelorarbeit/Modelcar-111/catkin_ws_user/src/fub_controller/src/util/Spline.h:74:29:[m[K [01;35m[Kwarning: [m[Knon-static data member initializers only available with -std=c++11 or -std=gnu++11
     double mLastParam    = -1.0;
[01;32m[K                             ^[m[K
In file included from [01m[K/home/name-not-found/Dokumente/Bachelorarbeit/Modelcar-111/catkin_ws_user/src/fub_controller/src/controller_mig/SteerController.cpp:1:0[m[K:
[01m[K/home/name-not-found/Dokumente/Bachelorarbeit/Modelcar-111/catkin_ws_user/src/fub_controller/src/controller_mig/SteerController.h:35:29:[m[K [01;35m[Kwarning: [m[Knon-static data member initializers only available with -std=c++11 or -std=gnu++11
     double mSteerIntegral = 0.0;
[01;32m[K                             ^[m[K
[01m[K/home/name-not-found/Dokumente/Bachelorarbeit/Modelcar-111/catkin_ws_user/src/fub_controller/src/controller_mig/SteerController.h:36:29:[m[K [01;35m[Kwarning: [m[Knon-static data member initializers only available with -std=c++11 or -std=gnu++11
     double mOldSteerError = 0.0;
[01;32m[K                             ^[m[K
In file included from [01m[K/home/name-not-found/Dokumente/Bachelorarbeit/Modelcar-111/catkin_ws_user/src/fub_controller/src/util/Spline.cpp:1:0[m[K:
[01m[K/home/name-not-found/Dokumente/Bachelorarbeit/Modelcar-111/catkin_ws_user/src/fub_controller/src/util/Spline.h:73:29:[m[K [01;35m[Kwarning: [m[Knon-static data member initializers only available with -std=c++11 or -std=gnu++11
     double mFirstParam   = -1.0;
[01;32m[K                             ^[m[K
[01m[K/home/name-not-found/Dokumente/Bachelorarbeit/Modelcar-111/catkin_ws_user/src/fub_controller/src/util/Spline.h:74:29:[m[K [01;35m[Kwarning: [m[Knon-static data member initializers only available with -std=c++11 or -std=gnu++11
     double mLastParam    = -1.0;
[01;32m[K                             ^[m[K
