[35m[1mScanning dependencies of target fub_controller_gencfg[0m
[  8%] [34m[1mGenerating dynamic reconfigure files from cfg/ControllerMig.cfg: /home/mi/besahre/Documents/Bachelorarbeit/Modelcar-111/catkin_ws_user/devel/.private/fub_controller/include/fub_controller/ControllerMigConfig.h /home/mi/besahre/Documents/Bachelorarbeit/Modelcar-111/catkin_ws_user/devel/.private/fub_controller/lib/python2.7/dist-packages/fub_controller/cfg/ControllerMigConfig.py[0m
[35m[1mScanning dependencies of target fub_controller_mig_nodelet[0m
Generating reconfiguration files for ControllerMig in fub_controller
Wrote header file in /home/mi/besahre/Documents/Bachelorarbeit/Modelcar-111/catkin_ws_user/devel/.private/fub_controller/include/fub_controller/ControllerMigConfig.h
[ 16%] [34m[1mGenerating dynamic reconfigure files from cfg/ControllerMigPath.cfg: /home/mi/besahre/Documents/Bachelorarbeit/Modelcar-111/catkin_ws_user/devel/.private/fub_controller/include/fub_controller/ControllerMigPathConfig.h /home/mi/besahre/Documents/Bachelorarbeit/Modelcar-111/catkin_ws_user/devel/.private/fub_controller/lib/python2.7/dist-packages/fub_controller/cfg/ControllerMigPathConfig.py[0m
[ 25%] [32mBuilding CXX object CMakeFiles/fub_controller_mig_nodelet.dir/src/controller_mig/ControllerMig.cpp.o[0m
Generating reconfiguration files for ControllerMigPath in fub_controller
Wrote header file in /home/mi/besahre/Documents/Bachelorarbeit/Modelcar-111/catkin_ws_user/devel/.private/fub_controller/include/fub_controller/ControllerMigPathConfig.h
[ 33%] [34m[1mGenerating dynamic reconfigure files from cfg/ControllerMigSteer.cfg: /home/mi/besahre/Documents/Bachelorarbeit/Modelcar-111/catkin_ws_user/devel/.private/fub_controller/include/fub_controller/ControllerMigSteerConfig.h /home/mi/besahre/Documents/Bachelorarbeit/Modelcar-111/catkin_ws_user/devel/.private/fub_controller/lib/python2.7/dist-packages/fub_controller/cfg/ControllerMigSteerConfig.py[0m
Generating reconfiguration files for ControllerMigSteer in fub_controller
Wrote header file in /home/mi/besahre/Documents/Bachelorarbeit/Modelcar-111/catkin_ws_user/devel/.private/fub_controller/include/fub_controller/ControllerMigSteerConfig.h
[ 33%] Built target fub_controller_gencfg
[ 50%] Built target fub_controller_mig
[ 58%] [32mBuilding CXX object CMakeFiles/fub_controller_mig_nodelet.dir/src/controller_mig/PathFollower.cpp.o[0m
[ 66%] [32mBuilding CXX object CMakeFiles/fub_controller_mig_nodelet.dir/src/controller_mig/SteerController.cpp.o[0m
[ 75%] [32mBuilding CXX object CMakeFiles/fub_controller_mig_nodelet.dir/src/controller_mig/VehicleState.cpp.o[0m
[ 83%] [32mBuilding CXX object CMakeFiles/fub_controller_mig_nodelet.dir/src/util/Spline.cpp.o[0m
[ 91%] [32m[1mLinking CXX shared library /home/mi/besahre/Documents/Bachelorarbeit/Modelcar-111/catkin_ws_user/devel/.private/fub_controller/lib/libfub_controller_mig_nodelet.so[0m
[100%] Built target fub_controller_mig_nodelet
