Determining if the pthread_create exist failed with the following output:
Change Dir: /home/mi/besahre/Documents/Bachelorarbeit/Modelcar-111/catkin_ws_user/build/fub_visual_gps/CMakeFiles/CMakeTmp

Run Build Command:"/usr/bin/make" "cmTC_a723e/fast"
/usr/bin/make -f CMakeFiles/cmTC_a723e.dir/build.make CMakeFiles/cmTC_a723e.dir/build
make[1]: Entering directory '/home/mi/besahre/Documents/Bachelorarbeit/Modelcar-111/catkin_ws_user/build/fub_visual_gps/CMakeFiles/CMakeTmp'
Building C object CMakeFiles/cmTC_a723e.dir/CheckSymbolExists.c.o
/usr/bin/cc     -o CMakeFiles/cmTC_a723e.dir/CheckSymbolExists.c.o   -c /home/mi/besahre/Documents/Bachelorarbeit/Modelcar-111/catkin_ws_user/build/fub_visual_gps/CMakeFiles/CMakeTmp/CheckSymbolExists.c
Linking C executable cmTC_a723e
/usr/bin/cmake -E cmake_link_script CMakeFiles/cmTC_a723e.dir/link.txt --verbose=1
/usr/bin/cc       CMakeFiles/cmTC_a723e.dir/CheckSymbolExists.c.o  -o cmTC_a723e -rdynamic 
CMakeFiles/cmTC_a723e.dir/CheckSymbolExists.c.o: In function `main':
CheckSymbolExists.c:(.text+0x16): undefined reference to `pthread_create'
collect2: error: ld returned 1 exit status
CMakeFiles/cmTC_a723e.dir/build.make:97: recipe for target 'cmTC_a723e' failed
make[1]: *** [cmTC_a723e] Error 1
make[1]: Leaving directory '/home/mi/besahre/Documents/Bachelorarbeit/Modelcar-111/catkin_ws_user/build/fub_visual_gps/CMakeFiles/CMakeTmp'
Makefile:126: recipe for target 'cmTC_a723e/fast' failed
make: *** [cmTC_a723e/fast] Error 2

File /home/mi/besahre/Documents/Bachelorarbeit/Modelcar-111/catkin_ws_user/build/fub_visual_gps/CMakeFiles/CMakeTmp/CheckSymbolExists.c:
/* */
#include <pthread.h>

int main(int argc, char** argv)
{
  (void)argv;
#ifndef pthread_create
  return ((int*)(&pthread_create))[argc];
#else
  (void)argc;
  return 0;
#endif
}

Determining if the function pthread_create exists in the pthreads failed with the following output:
Change Dir: /home/mi/besahre/Documents/Bachelorarbeit/Modelcar-111/catkin_ws_user/build/fub_visual_gps/CMakeFiles/CMakeTmp

Run Build Command:"/usr/bin/make" "cmTC_6c33e/fast"
/usr/bin/make -f CMakeFiles/cmTC_6c33e.dir/build.make CMakeFiles/cmTC_6c33e.dir/build
make[1]: Entering directory '/home/mi/besahre/Documents/Bachelorarbeit/Modelcar-111/catkin_ws_user/build/fub_visual_gps/CMakeFiles/CMakeTmp'
Building C object CMakeFiles/cmTC_6c33e.dir/CheckFunctionExists.c.o
/usr/bin/cc    -DCHECK_FUNCTION_EXISTS=pthread_create   -o CMakeFiles/cmTC_6c33e.dir/CheckFunctionExists.c.o   -c /usr/share/cmake-3.5/Modules/CheckFunctionExists.c
Linking C executable cmTC_6c33e
/usr/bin/cmake -E cmake_link_script CMakeFiles/cmTC_6c33e.dir/link.txt --verbose=1
/usr/bin/cc   -DCHECK_FUNCTION_EXISTS=pthread_create    CMakeFiles/cmTC_6c33e.dir/CheckFunctionExists.c.o  -o cmTC_6c33e -rdynamic -lpthreads 
/usr/bin/ld: cannot find -lpthreads
collect2: error: ld returned 1 exit status
CMakeFiles/cmTC_6c33e.dir/build.make:97: recipe for target 'cmTC_6c33e' failed
make[1]: *** [cmTC_6c33e] Error 1
make[1]: Leaving directory '/home/mi/besahre/Documents/Bachelorarbeit/Modelcar-111/catkin_ws_user/build/fub_visual_gps/CMakeFiles/CMakeTmp'
Makefile:126: recipe for target 'cmTC_6c33e/fast' failed
make: *** [cmTC_6c33e/fast] Error 2


