Determining if the pthread_create exist failed with the following output:
Change Dir: /home/mi/besahre/Documents/Bachelorarbeit/Modelcar-111/catkin_ws_user/build/fub_remap_joystick/CMakeFiles/CMakeTmp

Run Build Command:"/usr/bin/make" "cmTC_d00d6/fast"
/usr/bin/make -f CMakeFiles/cmTC_d00d6.dir/build.make CMakeFiles/cmTC_d00d6.dir/build
make[1]: Entering directory '/home/mi/besahre/Documents/Bachelorarbeit/Modelcar-111/catkin_ws_user/build/fub_remap_joystick/CMakeFiles/CMakeTmp'
Building C object CMakeFiles/cmTC_d00d6.dir/CheckSymbolExists.c.o
/usr/bin/cc     -o CMakeFiles/cmTC_d00d6.dir/CheckSymbolExists.c.o   -c /home/mi/besahre/Documents/Bachelorarbeit/Modelcar-111/catkin_ws_user/build/fub_remap_joystick/CMakeFiles/CMakeTmp/CheckSymbolExists.c
Linking C executable cmTC_d00d6
/usr/bin/cmake -E cmake_link_script CMakeFiles/cmTC_d00d6.dir/link.txt --verbose=1
/usr/bin/cc       CMakeFiles/cmTC_d00d6.dir/CheckSymbolExists.c.o  -o cmTC_d00d6 -rdynamic 
CMakeFiles/cmTC_d00d6.dir/CheckSymbolExists.c.o: In function `main':
CheckSymbolExists.c:(.text+0x16): undefined reference to `pthread_create'
collect2: error: ld returned 1 exit status
CMakeFiles/cmTC_d00d6.dir/build.make:97: recipe for target 'cmTC_d00d6' failed
make[1]: *** [cmTC_d00d6] Error 1
make[1]: Leaving directory '/home/mi/besahre/Documents/Bachelorarbeit/Modelcar-111/catkin_ws_user/build/fub_remap_joystick/CMakeFiles/CMakeTmp'
Makefile:126: recipe for target 'cmTC_d00d6/fast' failed
make: *** [cmTC_d00d6/fast] Error 2

File /home/mi/besahre/Documents/Bachelorarbeit/Modelcar-111/catkin_ws_user/build/fub_remap_joystick/CMakeFiles/CMakeTmp/CheckSymbolExists.c:
/* */
#include <pthread.h>

int main(int argc, char** argv)
{
  (void)argv;
#ifndef pthread_create
  return ((int*)(&pthread_create))[argc];
#else
  (void)argc;
  return 0;
#endif
}

Determining if the function pthread_create exists in the pthreads failed with the following output:
Change Dir: /home/mi/besahre/Documents/Bachelorarbeit/Modelcar-111/catkin_ws_user/build/fub_remap_joystick/CMakeFiles/CMakeTmp

Run Build Command:"/usr/bin/make" "cmTC_217ab/fast"
/usr/bin/make -f CMakeFiles/cmTC_217ab.dir/build.make CMakeFiles/cmTC_217ab.dir/build
make[1]: Entering directory '/home/mi/besahre/Documents/Bachelorarbeit/Modelcar-111/catkin_ws_user/build/fub_remap_joystick/CMakeFiles/CMakeTmp'
Building C object CMakeFiles/cmTC_217ab.dir/CheckFunctionExists.c.o
/usr/bin/cc    -DCHECK_FUNCTION_EXISTS=pthread_create   -o CMakeFiles/cmTC_217ab.dir/CheckFunctionExists.c.o   -c /usr/share/cmake-3.5/Modules/CheckFunctionExists.c
Linking C executable cmTC_217ab
/usr/bin/cmake -E cmake_link_script CMakeFiles/cmTC_217ab.dir/link.txt --verbose=1
/usr/bin/cc   -DCHECK_FUNCTION_EXISTS=pthread_create    CMakeFiles/cmTC_217ab.dir/CheckFunctionExists.c.o  -o cmTC_217ab -rdynamic -lpthreads 
/usr/bin/ld: cannot find -lpthreads
collect2: error: ld returned 1 exit status
CMakeFiles/cmTC_217ab.dir/build.make:97: recipe for target 'cmTC_217ab' failed
make[1]: *** [cmTC_217ab] Error 1
make[1]: Leaving directory '/home/mi/besahre/Documents/Bachelorarbeit/Modelcar-111/catkin_ws_user/build/fub_remap_joystick/CMakeFiles/CMakeTmp'
Makefile:126: recipe for target 'cmTC_217ab/fast' failed
make: *** [cmTC_217ab/fast] Error 2


