[35m[1mScanning dependencies of target _fisheye_camera_matrix_msgs_generate_messages_check_deps_CameraMatrix[0m
[  0%] Built target _fisheye_camera_matrix_msgs_generate_messages_check_deps_CameraMatrix
[35m[1mScanning dependencies of target std_msgs_generate_messages_lisp[0m
[  0%] Built target std_msgs_generate_messages_lisp
[35m[1mScanning dependencies of target std_msgs_generate_messages_nodejs[0m
[  0%] Built target std_msgs_generate_messages_nodejs
[35m[1mScanning dependencies of target std_msgs_generate_messages_eus[0m
[  0%] Built target std_msgs_generate_messages_eus
[35m[1mScanning dependencies of target std_msgs_generate_messages_cpp[0m
[  0%] Built target std_msgs_generate_messages_cpp
[35m[1mScanning dependencies of target std_msgs_generate_messages_py[0m
[  0%] Built target std_msgs_generate_messages_py
[35m[1mScanning dependencies of target fisheye_camera_matrix_msgs_generate_messages_lisp[0m
[ 14%] Built target fisheye_camera_matrix_msgs_generate_messages_lisp
[35m[1mScanning dependencies of target fisheye_camera_matrix_msgs_generate_messages_nodejs[0m
[ 28%] Built target fisheye_camera_matrix_msgs_generate_messages_nodejs
[35m[1mScanning dependencies of target fisheye_camera_matrix_msgs_generate_messages_eus[0m
[ 57%] Built target fisheye_camera_matrix_msgs_generate_messages_eus
[35m[1mScanning dependencies of target fisheye_camera_matrix_msgs_generate_messages_cpp[0m
[ 71%] Built target fisheye_camera_matrix_msgs_generate_messages_cpp
[35m[1mScanning dependencies of target fisheye_camera_matrix_msgs_generate_messages_py[0m
[100%] Built target fisheye_camera_matrix_msgs_generate_messages_py
[35m[1mScanning dependencies of target fisheye_camera_matrix_msgs_generate_messages[0m
[100%] Built target fisheye_camera_matrix_msgs_generate_messages
