Not searching for unused variables given on the command line.
[36m--[0m Eclipse version is set to 3.6 (Helios). Adjust CMAKE_ECLIPSE_VERSION if this is wrong.
[36m--[0m Using CATKIN_DEVEL_PREFIX: /home/name-not-found/Dokumente/Bachelorarbeit/Modelcar-111/catkin_ws_user/devel/.private/rrt_star
[36m--[0m Using CMAKE_PREFIX_PATH: /home/name-not-found/Dokumente/Bachelorarbeit/Modelcar-111/catkin_ws_user/devel;/opt/ros/kinetic
[36m--[0m This workspace overlays: /home/name-not-found/Dokumente/Bachelorarbeit/Modelcar-111/catkin_ws_user/devel;/opt/ros/kinetic
[36m--[0m Using PYTHON_EXECUTABLE: /usr/bin/python
[36m--[0m Using Debian Python package layout
[36m--[0m Using empy: /usr/bin/empy
[36m--[0m Using CATKIN_ENABLE_TESTING: ON
[36m--[0m Call enable_testing()
[36m--[0m Using CATKIN_TEST_RESULTS_DIR: /home/name-not-found/Dokumente/Bachelorarbeit/Modelcar-111/catkin_ws_user/build/rrt_star/test_results
[36m--[0m Found gtest sources under '/usr/src/gtest': gtests will be built
[36m--[0m Using Python nosetests: /usr/bin/nosetests-2.7
[36m--[0m catkin 0.7.8
[33m[1mCMake Warning[0m at /opt/ros/kinetic/share/catkin/cmake/catkinConfig.cmake:76 (find_package):
  Could not find a package configuration file provided by "geometry_msgs/"
  with any of the following names:

    geometry_msgs/Config.cmake
    geometry_msgs/-config.cmake

  Add the installation prefix of "geometry_msgs/" to CMAKE_PREFIX_PATH or set
  "geometry_msgs/_DIR" to a directory containing one of the above files.  If
  "geometry_msgs/" provides a separate development package or SDK, be sure it
  has been installed.
[36mCall Stack (most recent call first):[0m
  CMakeLists.txt:10 (find_package)


[36m--[0m Could not find the required component 'geometry_msgs/'. The following CMake error indicates that you either need to install the package with the same name or change your environment so that it can be found.
[31m[1mCMake Error[0m at /opt/ros/kinetic/share/catkin/cmake/catkinConfig.cmake:83 (find_package):
  Could not find a package configuration file provided by "geometry_msgs/"
  with any of the following names:

    geometry_msgs/Config.cmake
    geometry_msgs/-config.cmake

  Add the installation prefix of "geometry_msgs/" to CMAKE_PREFIX_PATH or set
  "geometry_msgs/_DIR" to a directory containing one of the above files.  If
  "geometry_msgs/" provides a separate development package or SDK, be sure it
  has been installed.
[36mCall Stack (most recent call first):[0m
  CMakeLists.txt:10 (find_package)


[36m--[0m Configuring incomplete, errors occurred!
See also "/home/name-not-found/Dokumente/Bachelorarbeit/Modelcar-111/catkin_ws_user/build/rrt_star/CMakeFiles/CMakeOutput.log".
See also "/home/name-not-found/Dokumente/Bachelorarbeit/Modelcar-111/catkin_ws_user/build/rrt_star/CMakeFiles/CMakeError.log".
