[35m[1mScanning dependencies of target rrt_star_node[0m
[ 20%] [32mBuilding CXX object CMakeFiles/rrt_star_node.dir/src/ListOfNodes.cpp.o[0m
[ 40%] [32mBuilding CXX object CMakeFiles/rrt_star_node.dir/src/Main.cpp.o[0m
[ 60%] [32mBuilding CXX object CMakeFiles/rrt_star_node.dir/src/Node.cpp.o[0m
[ 80%] [32mBuilding CXX object CMakeFiles/rrt_star_node.dir/src/RRTSTAR.cpp.o[0m
[01m[K/home/mi/besahre/Documents/Bachelorarbeit/Modelcar-111/catkin_ws_user/src/rrt_star/src/RRTSTAR.cpp:[m[K In function ‘[01m[Kfub_trajectory_msgs::Trajectory rrt_star(Node&)[m[K’:
[01m[K/home/mi/besahre/Documents/Bachelorarbeit/Modelcar-111/catkin_ws_user/src/rrt_star/src/RRTSTAR.cpp:82:52:[m[K [01;31m[Kerror: [m[K‘[01m[Kendl[m[K’ was not declared in this scope
    std::cout << "After projection Node to near" << endl;
[01;32m[K                                                    ^[m[K
[01m[K/home/mi/besahre/Documents/Bachelorarbeit/Modelcar-111/catkin_ws_user/src/rrt_star/src/RRTSTAR.cpp:82:52:[m[K [01;36m[Knote: [m[Ksuggested alternative:
In file included from [01m[K/usr/include/c++/5/iostream:39:0[m[K,
                 from [01m[K/opt/ros/kinetic/include/ros/time.h:54[m[K,
                 from [01m[K/opt/ros/kinetic/include/ros/serialization.h:34[m[K,
                 from [01m[K/home/mi/besahre/Documents/Bachelorarbeit/Modelcar-111/catkin_ws_user/devel/.private/fub_trajectory_msgs/include/fub_trajectory_msgs/Trajectory.h:14[m[K,
                 from [01m[K/home/mi/besahre/Documents/Bachelorarbeit/Modelcar-111/catkin_ws_user/src/rrt_star/src/RRTSTAR.h:7[m[K,
                 from [01m[K/home/mi/besahre/Documents/Bachelorarbeit/Modelcar-111/catkin_ws_user/src/rrt_star/src/RRTSTAR.cpp:8[m[K:
[01m[K/usr/include/c++/5/ostream:590:5:[m[K [01;36m[Knote: [m[K  ‘[01m[Kstd::endl[m[K’
     endl(basic_ostream<_CharT, _Traits>& __os)
[01;32m[K     ^[m[K
CMakeFiles/rrt_star_node.dir/build.make:110: recipe for target 'CMakeFiles/rrt_star_node.dir/src/RRTSTAR.cpp.o' failed
make[2]: *** [CMakeFiles/rrt_star_node.dir/src/RRTSTAR.cpp.o] Error 1
make[2]: *** Waiting for unfinished jobs....
CMakeFiles/Makefile2:1955: recipe for target 'CMakeFiles/rrt_star_node.dir/all' failed
make[1]: *** [CMakeFiles/rrt_star_node.dir/all] Error 2
Makefile:138: recipe for target 'all' failed
make: *** [all] Error 2
