In file included from [01m[K/usr/include/c++/5/list:63:0[m[K,
                 from [01m[K/home/mi/besahre/Documents/Bachelorarbeit/Modelcar-111/catkin_ws_user/src/rrt_star/src/Node.h:9[m[K,
                 from [01m[K/home/mi/besahre/Documents/Bachelorarbeit/Modelcar-111/catkin_ws_user/src/rrt_star/src/ListOfNodes.h:7[m[K,
                 from [01m[K/home/mi/besahre/Documents/Bachelorarbeit/Modelcar-111/catkin_ws_user/src/rrt_star/src/ListOfNodes.cpp:8[m[K:
/usr/include/c++/5/bits/stl_list.h: In instantiation of ‘[01m[Kstd::_List_node<_Tp>::_List_node(_Args&& ...) [with _Args = {const Node&}; _Tp = Node][m[K’:
[01m[K/usr/include/c++/5/ext/new_allocator.h:120:4:[m[K   required from ‘[01m[Kvoid __gnu_cxx::new_allocator<_Tp>::construct(_Up*, _Args&& ...) [with _Up = std::_List_node<Node>; _Args = {const Node&}; _Tp = std::_List_node<Node>][m[K’
[01m[K/usr/include/c++/5/bits/stl_list.h:574:8:[m[K   required from ‘[01m[Kstd::__cxx11::list<_Tp, _Alloc>::_Node* std::__cxx11::list<_Tp, _Alloc>::_M_create_node(_Args&& ...) [with _Args = {const Node&}; _Tp = Node; _Alloc = std::allocator<Node>; std::__cxx11::list<_Tp, _Alloc>::_Node = std::_List_node<Node>][m[K’
[01m[K/usr/include/c++/5/bits/stl_list.h:1763:32:[m[K   required from ‘[01m[Kvoid std::__cxx11::list<_Tp, _Alloc>::_M_insert(std::__cxx11::list<_Tp, _Alloc>::iterator, _Args&& ...) [with _Args = {const Node&}; _Tp = Node; _Alloc = std::allocator<Node>; std::__cxx11::list<_Tp, _Alloc>::iterator = std::_List_iterator<Node>][m[K’
[01m[K/usr/include/c++/5/bits/stl_list.h:1089:9:[m[K   required from ‘[01m[Kvoid std::__cxx11::list<_Tp, _Alloc>::push_back(const value_type&) [with _Tp = Node; _Alloc = std::allocator<Node>; std::__cxx11::list<_Tp, _Alloc>::value_type = Node][m[K’
[01m[K/home/mi/besahre/Documents/Bachelorarbeit/Modelcar-111/catkin_ws_user/src/rrt_star/src/ListOfNodes.cpp:25:35:[m[K   required from here
[01m[K/usr/include/c++/5/bits/stl_list.h:114:71:[m[K [01;31m[Kerror: [m[Kbinding ‘[01m[Kconst Node[m[K’ to reference of type ‘[01m[KNode&[m[K’ discards qualifiers
  : __detail::_List_node_base(), _M_data(std::forward<_Args>(__args)...) 
[01;32m[K                                                                       ^[m[K
In file included from [01m[K/home/mi/besahre/Documents/Bachelorarbeit/Modelcar-111/catkin_ws_user/src/rrt_star/src/ListOfNodes.h:7:0[m[K,
                 from [01m[K/home/mi/besahre/Documents/Bachelorarbeit/Modelcar-111/catkin_ws_user/src/rrt_star/src/ListOfNodes.cpp:8[m[K:
[01m[K/home/mi/besahre/Documents/Bachelorarbeit/Modelcar-111/catkin_ws_user/src/rrt_star/src/Node.h:39:2:[m[K [01;36m[Knote: [m[K  initializing argument 1 of ‘[01m[KNode::Node(Node&)[m[K’
  Node(Node&node);
[01;32m[K  ^[m[K
make[2]: *** [CMakeFiles/rrt_star_node.dir/src/ListOfNodes.cpp.o] Error 1
make[2]: *** Waiting for unfinished jobs....
[01m[K/home/mi/besahre/Documents/Bachelorarbeit/Modelcar-111/catkin_ws_user/src/rrt_star/src/Main.cpp:[m[K In function ‘[01m[Kint main(int, char**)[m[K’:
[01m[K/home/mi/besahre/Documents/Bachelorarbeit/Modelcar-111/catkin_ws_user/src/rrt_star/src/Main.cpp:54:7:[m[K [01;31m[Kerror: [m[Ktwo or more data types in declaration of ‘[01m[Kcount[m[K’
   int count = 0;
[01;32m[K       ^[m[K
[01m[K/home/mi/besahre/Documents/Bachelorarbeit/Modelcar-111/catkin_ws_user/src/rrt_star/src/Main.cpp:66:6:[m[K [01;31m[Kerror: [m[K‘[01m[Kcount[m[K’ was not declared in this scope
    ++count;
[01;32m[K      ^[m[K
[01m[K/home/mi/besahre/Documents/Bachelorarbeit/Modelcar-111/catkin_ws_user/src/rrt_star/src/Main.cpp:66:6:[m[K [01;36m[Knote: [m[Ksuggested alternative:
In file included from [01m[K/usr/include/c++/5/algorithm:62:0[m[K,
                 from [01m[K/usr/include/boost/math/tools/config.hpp:17[m[K,
                 from [01m[K/usr/include/boost/math/special_functions/round.hpp:13[m[K,
                 from [01m[K/opt/ros/kinetic/include/ros/time.h:58[m[K,
                 from [01m[K/opt/ros/kinetic/include/ros/ros.h:38[m[K,
                 from [01m[K/home/mi/besahre/Documents/Bachelorarbeit/Modelcar-111/catkin_ws_user/src/rrt_star/src/Main.cpp:12[m[K:
[01m[K/usr/include/c++/5/bits/stl_algo.h:3959:5:[m[K [01;36m[Knote: [m[K  ‘[01m[Kstd::count[m[K’
     count(_InputIterator __first, _InputIterator __last, const _Tp& __value)
[01;32m[K     ^[m[K
make[2]: *** [CMakeFiles/rrt_star_node.dir/src/Main.cpp.o] Error 1
make[1]: *** [CMakeFiles/rrt_star_node.dir/all] Error 2
make: *** [all] Error 2
