In file included from [01m[K/home/mi/besahre/Documents/Bachelorarbeit/Modelcar-111/catkin_ws_user/src/rrt_star/src/Node.h:8:0[m[K,
                 from [01m[K/home/mi/besahre/Documents/Bachelorarbeit/Modelcar-111/catkin_ws_user/src/rrt_star/src/ListOfNodes.h:7[m[K,
                 from [01m[K/home/mi/besahre/Documents/Bachelorarbeit/Modelcar-111/catkin_ws_user/src/rrt_star/src/Node.h:10[m[K,
                 from [01m[K/home/mi/besahre/Documents/Bachelorarbeit/Modelcar-111/catkin_ws_user/src/rrt_star/src/ListOfNodes.h:7[m[K,
                 from [01m[K/home/mi/besahre/Documents/Bachelorarbeit/Modelcar-111/catkin_ws_user/src/rrt_star/src/Node.h:10[m[K,
                 from [01m[K/home/mi/besahre/Documents/Bachelorarbeit/Modelcar-111/catkin_ws_user/src/rrt_star/src/ListOfNodes.h:7[m[K,
                 from [01m[K/home/mi/besahre/Documents/Bachelorarbeit/Modelcar-111/catkin_ws_user/src/rrt_star/src/Node.h:10[m[K,
                 from [01m[K/home/mi/besahre/Documents/Bachelorarbeit/Modelcar-111/catkin_ws_user/src/rrt_star/src/ListOfNodes.h:7[m[K,
                 from [01m[K/home/mi/besahre/Documents/Bachelorarbeit/Modelcar-111/catkin_ws_user/src/rrt_star/src/Node.h:10[m[K,
                 from [01m[K/home/mi/besahre/Documents/Bachelorarbeit/Modelcar-111/catkin_ws_user/src/rrt_star/src/ListOfNodes.h:7[m[K,
                 from [01m[K/home/mi/besahre/Documents/Bachelorarbeit/Modelcar-111/catkin_ws_user/src/rrt_star/src/Node.h:10[m[K,
                 from [01m[K/home/mi/besahre/Documents/Bachelorarbeit/Modelcar-111/catkin_ws_user/src/rrt_star/src/ListOfNodes.h:7[m[K,
                 from [01m[K/home/mi/besahre/Documents/Bachelorarbeit/Modelcar-111/catkin_ws_user/src/rrt_star/src/Node.h:10[m[K,
                 from [01m[K/home/mi/besahre/Documents/Bachelorarbeit/Modelcar-111/catkin_ws_user/src/rrt_star/src/ListOfNodes.h:7[m[K,
                 from [01m[K/home/mi/besahre/Documents/Bachelorarbeit/Modelcar-111/catkin_ws_user/src/rrt_star/src/Node.h:10[m[K,
                 from [01m[K/home/mi/besahre/Documents/Bachelorarbeit/Modelcar-111/catkin_ws_user/src/rrt_star/src/ListOfNodes.h:7[m[K,
                 from [01m[K/home/mi/besahre/Documents/Bachelorarbeit/Modelcar-111/catkin_ws_user/src/rrt_star/src/Node.h:10[m[K,
                 from [01m[K/home/mi/besahre/Documents/Bachelorarbeit/Modelcar-111/catkin_ws_user/src/rrt_star/src/ListOfNodes.h:7[m[K,
                 from [01m[K/home/mi/besahre/Documents/Bachelorarbeit/Modelcar-111/catkin_ws_user/src/rrt_star/src/Node.h:10[m[K,
                 from [01m[K/home/mi/besahre/Documents/Bachelorarbeit/Modelcar-111/catkin_ws_user/src/rrt_star/src/ListOfNodes.h:7[m[K,
                 from [01m[K/home/mi/besahre/Documents/Bachelorarbeit/Modelcar-111/catkin_ws_user/src/rrt_star/src/Node.h:10[m[K,
                 from [01m[K/home/mi/besahre/Documents/Bachelorarbeit/Modelcar-111/catkin_ws_user/src/rrt_star/src/ListOfNodes.h:7[m[K,
                 from [01m[K/home/mi/besahre/Documents/Bachelorarbeit/Modelcar-111/catkin_ws_user/src/rrt_star/src/Node.h:10[m[K,
                 from [01m[K/home/mi/besahre/Documents/Bachelorarbeit/Modelcar-111/catkin_ws_user/src/rrt_star/src/ListOfNodes.h:7[m[K,
                 from [01m[K/home/mi/besahre/Documents/Bachelorarbeit/Modelcar-111/catkin_ws_user/src/rrt_star/src/Node.h:10[m[K,
                 from [01m[K/home/mi/besahre/Documents/Bachelorarbeit/Modelcar-111/catkin_ws_user/src/rrt_star/src/ListOfNodes.h:7[m[K,
                 from [01m[K/home/mi/besahre/Documents/Bachelorarbeit/Modelcar-111/catkin_ws_user/src/rrt_star/src/Node.h:10[m[K,
                 from [01m[K/home/mi/besahre/Documents/Bachelorarbeit/Modelcar-111/catkin_ws_user/src/rrt_star/src/ListOfNodes.h:7[m[K,
                 from [01m[K/home/mi/besahre/Documents/Bachelorarbeit/Modelcar-111/catkin_ws_user/src/rrt_star/src/Node.h:10[m[K,
                 from [01m[K/home/mi/besahre/Documents/Bachelorarbeit/Modelcar-111/catkin_ws_user/src/rrt_star/src/ListOfNodes.h:7[m[K,
                 from [01m[K/home/mi/besahre/Documents/Bachelorarbeit/Modelcar-111/catkin_ws_user/src/rrt_star/src/Node.h:10[m[K,
                 from [01m[K/home/mi/besahre/Documents/Bachelorarbeit/Modelcar-111/catkin_ws_user/src/rrt_star/src/ListOfNodes.h:7[m[K,
                 from [01m[K/home/mi/besahre/Documents/Bachelorarbeit/Modelcar-111/catkin_ws_user/src/rrt_star/src/Node.h:10[m[K,
                 from [01m[K/home/mi/besahre/Documents/Bachelorarbeit/Modelcar-111/catkin_ws_user/src/rrt_star/src/ListOfNodes.h:7[m[K,
                 from [01m[K/home/mi/besahre/Documents/Bachelorarbeit/Modelcar-111/catkin_ws_user/src/rrt_star/src/Node.h:10[m[K,
                 from [01m[K/home/mi/besahre/Documents/Bachelorarbeit/Modelcar-111/catkin_ws_user/src/rrt_star/src/ListOfNodes.h:7[m[K,
                 from [01m[K/home/mi/besahre/Documents/Bachelorarbeit/Modelcar-111/catkin_ws_user/src/rrt_star/src/Node.h:10[m[K,
                 from [01m[K/home/mi/besahre/Documents/Bachelorarbeit/Modelcar-111/catkin_ws_user/src/rrt_star/src/ListOfNodes.h:7[m[K,
                 from [01m[K/home/mi/besahre/Documents/Bachelorarbeit/Modelcar-111/catkin_ws_user/src/rrt_star/src/Node.h:10[m[K,
                 from [01m[K/home/mi/besahre/Documents/Bachelorarbeit/Modelcar-111/catkin_ws_user/src/rrt_star/src/ListOfNodes.h:7[m[K,
                 from [01m[K/home/mi/besahre/Documents/Bachelorarbeit/Modelcar-111/catkin_ws_user/src/rrt_star/src/Node.h:10[m[K,
                 from [01m[K/home/mi/besahre/Documents/Bachelorarbeit/Modelcar-111/catkin_ws_user/src/rrt_star/src/ListOfNodes.h:7[m[K,
                 from [01m[K/home/mi/besahre/Documents/Bachelorarbeit/Modelcar-111/catkin_ws_user/src/rrt_star/src/Node.h:10[m[K,
                 from [01m[K/home/mi/besahre/Documents/Bachelorarbeit/Modelcar-111/catkin_ws_user/src/rrt_star/src/ListOfNodes.h:7[m[K,
                 from [01m[K/home/mi/besahre/Documents/Bachelorarbeit/Modelcar-111/catkin_ws_user/src/rrt_star/src/Node.h:10[m[K,
                 from [01m[K/home/mi/besahre/Documents/Bachelorarbeit/Modelcar-111/catkin_ws_user/src/rrt_star/src/ListOfNodes.h:7[m[K,
                 from [01m[K/home/mi/besahre/Documents/Bachelorarbeit/Modelcar-111/catkin_ws_user/src/rrt_star/src/Node.h:10[m[K,
                 from [01m[K/home/mi/besahre/Documents/Bachelorarbeit/Modelcar-111/catkin_ws_user/src/rrt_star/src/ListOfNodes.h:7[m[K,
                 from [01m[K/home/mi/besahre/Documents/Bachelorarbeit/Modelcar-111/catkin_ws_user/src/rrt_star/src/Node.h:10[m[K,
                 from [01m[K/home/mi/besahre/Documents/Bachelorarbeit/Modelcar-111/catkin_ws_user/src/rrt_star/src/ListOfNodes.h:7[m[K,
                 from [01m[K/home/mi/besahre/Documents/Bachelorarbeit/Modelcar-111/catkin_ws_user/src/rrt_star/src/Node.h:10[m[K,
                 from [01m[K/home/mi/besahre/Documents/Bachelorarbeit/Modelcar-111/catkin_ws_user/src/rrt_star/src/ListOfNodes.h:7[m[K,
                 from [01m[K/home/mi/besahre/Documents/Bachelorarbeit/Modelcar-111/catkin_ws_user/src/rrt_star/src/Node.h:10[m[K,
                 from [01m[K/home/mi/besahre/Documents/Bachelorarbeit/Modelcar-111/catkin_ws_user/src/rrt_star/src/ListOfNodes.h:7[m[K,
                 from [01m[K/home/mi/besahre/Documents/Bachelorarbeit/Modelcar-111/catkin_ws_user/src/rrt_star/src/Node.h:10[m[K,
                 from [01m[K/home/mi/besahre/Documents/Bachelorarbeit/Modelcar-111/catkin_ws_user/src/rrt_star/src/ListOfNodes.h:7[m[K,
                 from [01m[K/home/mi/besahre/Documents/Bachelorarbeit/Modelcar-111/catkin_ws_user/src/rrt_star/src/Node.h:10[m[K,
                 from [01m[K/home/mi/besahre/Documents/Bachelorarbeit/Modelcar-111/catkin_ws_user/src/rrt_star/src/ListOfNodes.h:7[m[K,
                 from [01m[K/home/mi/besahre/Documents/Bachelorarbeit/Modelcar-111/catkin_ws_user/src/rrt_star/src/Node.h:10[m[K,
                 from [01m[K/home/mi/besahre/Documents/Bachelorarbeit/Modelcar-111/catkin_ws_user/src/rrt_star/src/ListOfNodes.h:7[m[K,
                 from [01m[K/home/mi/besahre/Documents/Bachelorarbeit/Modelcar-111/catkin_ws_user/src/rrt_star/src/Node.h:10[m[K,
                 from [01m[K/home/mi/besahre/Documents/Bachelorarbeit/Modelcar-111/catkin_ws_user/src/rrt_star/src/ListOfNodes.h:7[m[K,
                 from [01m[K/home/mi/besahre/Documents/Bachelorarbeit/Modelcar-111/catkin_ws_user/src/rrt_star/src/Node.h:10[m[K,
                 from [01m[K/home/mi/besahre/Documents/Bachelorarbeit/Modelcar-111/catkin_ws_user/src/rrt_star/src/ListOfNodes.h:7[m[K,
                 from [01m[K/home/mi/besahre/Documents/Bachelorarbeit/Modelcar-111/catkin_ws_user/src/rrt_star/src/Node.h:10[m[K,
                 from [01m[K/home/mi/besahre/Documents/Bachelorarbeit/Modelcar-111/catkin_ws_user/src/rrt_star/src/ListOfNodes.h:7[m[K,
                 from [01m[K/home/mi/besahre/Documents/Bachelorarbeit/Modelcar-111/catkin_ws_user/src/rrt_star/src/Node.h:10[m[K,
                 from [01m[K/home/mi/besahre/Documents/Bachelorarbeit/Modelcar-111/catkin_ws_user/src/rrt_star/src/ListOfNodes.h:7[m[K,
                 from [01m[K/home/mi/besahre/Documents/Bachelorarbeit/Modelcar-111/catkin_ws_user/src/rrt_star/src/Node.h:10[m[K,
                 from [01m[K/home/mi/besahre/Documents/Bachelorarbeit/Modelcar-111/catkin_ws_user/src/rrt_star/src/ListOfNodes.h:7[m[K,
                 from [01m[K/home/mi/besahre/Documents/Bachelorarbeit/Modelcar-111/catkin_ws_user/src/rrt_star/src/Node.h:10[m[K,
                 from [01m[K/home/mi/besahre/Documents/Bachelorarbeit/Modelcar-111/catkin_ws_user/src/rrt_star/src/ListOfNodes.h:7[m[K,
                 from [01m[K/home/mi/besahre/Documents/Bachelorarbeit/Modelcar-111/catkin_ws_user/src/rrt_star/src/Node.h:10[m[K,
                 from [01m[K/home/mi/besahre/Documents/Bachelorarbeit/Modelcar-111/catkin_ws_user/src/rrt_star/src/ListOfNodes.h:7[m[K,
                 from [01m[K/home/mi/besahre/Documents/Bachelorarbeit/Modelcar-111/catkin_ws_user/src/rrt_star/src/Node.h:10[m[K,
                 from [01m[K/home/mi/besahre/Documents/Bachelorarbeit/Modelcar-111/catkin_ws_user/src/rrt_star/src/ListOfNodes.h:7[m[K,
                 from [01m[K/home/mi/besahre/Documents/Bachelorarbeit/Modelcar-111/catkin_ws_user/src/rrt_star/src/Node.h:10[m[K,
                 from [01m[K/home/mi/besahre/Documents/Bachelorarbeit/Modelcar-111/catkin_ws_user/src/rrt_star/src/ListOfNodes.h:7[m[K,
                 from [01m[K/home/mi/besahre/Documents/Bachelorarbeit/Modelcar-111/catkin_ws_user/src/rrt_star/src/Node.h:10[m[K,
                 from [01m[K/home/mi/besahre/Documents/Bachelorarbeit/Modelcar-111/catkin_ws_user/src/rrt_star/src/ListOfNodes.h:7[m[K,
                 from [01m[K/home/mi/besahre/Documents/Bachelorarbeit/Modelcar-111/catkin_ws_user/src/rrt_star/src/Node.h:10[m[K,
                 from [01m[K/home/mi/besahre/Documents/Bachelorarbeit/Modelcar-111/catkin_ws_user/src/rrt_star/src/ListOfNodes.h:7[m[K,
                 from [01m[K/home/mi/besahre/Documents/Bachelorarbeit/Modelcar-111/catkin_ws_user/src/rrt_star/src/Node.h:10[m[K,
                 from [01m[K/home/mi/besahre/Documents/Bachelorarbeit/Modelcar-111/catkin_ws_user/src/rrt_star/src/ListOfNodes.h:7[m[K,
                 from [01m[K/home/mi/besahre/Documents/Bachelorarbeit/Modelcar-111/catkin_ws_user/src/rrt_star/src/Node.h:10[m[K,
                 from [01m[K/home/mi/besahre/Documents/Bachelorarbeit/Modelcar-111/catkin_ws_user/src/rrt_star/src/ListOfNodes.h:7[m[K,
                 from [01m[K/home/mi/besahre/Documents/Bachelorarbeit/Modelcar-111/catkin_ws_user/src/rrt_star/src/Node.h:10[m[K,
                 from [01m[K/home/mi/besahre/Documents/Bachelorarbeit/Modelcar-111/catkin_ws_user/src/rrt_star/src/ListOfNodes.h:7[m[K,
                 from [01m[K/home/mi/besahre/Documents/Bachelorarbeit/Modelcar-111/catkin_ws_user/src/rrt_star/src/Node.h:10[m[K,
                 from [01m[K/home/mi/besahre/Documents/Bachelorarbeit/Modelcar-111/catkin_ws_user/src/rrt_star/src/ListOfNodes.h:7[m[K,
                 from [01m[K/home/mi/besahre/Documents/Bachelorarbeit/Modelcar-111/catkin_ws_user/src/rrt_star/src/Node.h:10[m[K,
                 from [01m[K/home/mi/besahre/Documents/Bachelorarbeit/Modelcar-111/catkin_ws_user/src/rrt_star/src/ListOfNodes.h:7[m[K,
                 from [01m[K/home/mi/besahre/Documents/Bachelorarbeit/Modelcar-111/catkin_ws_user/src/rrt_star/src/Node.h:10[m[K,
                 from [01m[K/home/mi/besahre/Documents/Bachelorarbeit/Modelcar-111/catkin_ws_user/src/rrt_star/src/ListOfNodes.h:7[m[K,
                 from [01m[K/home/mi/besahre/Documents/Bachelorarbeit/Modelcar-111/catkin_ws_user/src/rrt_star/src/Node.h:10[m[K,
                 from [01m[K/home/mi/besahre/Documents/Bachelorarbeit/Modelcar-111/catkin_ws_user/src/rrt_star/src/ListOfNodes.h:7[m[K,
                 from [01m[K/home/mi/besahre/Documents/Bachelorarbeit/Modelcar-111/catkin_ws_user/src/rrt_star/src/Node.h:10[m[K,
                 from [01m[K/home/mi/besahre/Documents/Bachelorarbeit/Modelcar-111/catkin_ws_user/src/rrt_star/src/ListOfNodes.h:7[m[K,
                 from [01m[K/home/mi/besahre/Documents/Bachelorarbeit/Modelcar-111/catkin_ws_user/src/rrt_star/src/Node.h:10[m[K,
                 from [01m[K/home/mi/besahre/Documents/Bachelorarbeit/Modelcar-111/catkin_ws_user/src/rrt_star/src/ListOfNodes.h:7[m[K,
                 from [01m[K/home/mi/besahre/Documents/Bachelorarbeit/Modelcar-111/catkin_ws_user/src/rrt_star/src/Node.h:10[m[K,
                 from [01m[K/home/mi/besahre/Documents/Bachelorarbeit/Modelcar-111/catkin_ws_user/src/rrt_star/src/ListOfNodes.h:7[m[K,
                 from [01m[K/home/mi/besahre/Documents/Bachelorarbeit/Modelcar-111/catkin_ws_user/src/rrt_star/src/Node.h:10[m[K,
                 from [01m[K/home/mi/besahre/Documents/Bachelorarbeit/Modelcar-111/catkin_ws_user/src/rrt_star/src/ListOfNodes.h:7[m[K,
                 from [01m[K/home/mi/besahre/Documents/Bachelorarbeit/Modelcar-111/catkin_ws_user/src/rrt_star/src/Node.h:10[m[K,
                 from [01m[K/home/mi/besahre/Documents/Bachelorarbeit/Modelcar-111/catkin_ws_user/src/rrt_star/src/ListOfNodes.h:7[m[K,
                 from [01m[K/home/mi/besahre/Documents/Bachelorarbeit/Modelcar-111/catkin_ws_user/src/rrt_star/src/Node.h:10[m[K,
                 from [01m[K/home/mi/besahre/Documents/Bachelorarbeit/Modelcar-111/catkin_ws_user/src/rrt_star/src/ListOfNodes.h:7[m[K,
                 from [01m[K/home/mi/besahre/Documents/Bachelorarbeit/Modelcar-111/catkin_ws_user/src/rrt_star/src/Node.h:10[m[K,
                 from [01m[K/home/mi/besahre/Documents/Bachelorarbeit/Modelcar-111/catkin_ws_user/src/rrt_star/src/ListOfNodes.h:7[m[K,
                 from [01m[K/home/mi/besahre/Documents/Bachelorarbeit/Modelcar-111/catkin_ws_user/src/rrt_star/src/Node.h:10[m[K,
                 from [01m[K/home/mi/besahre/Documents/Bachelorarbeit/Modelcar-111/catkin_ws_user/src/rrt_star/src/ListOfNodes.h:7[m[K,
                 from [01m[K/home/mi/besahre/Documents/Bachelorarbeit/Modelcar-111/catkin_ws_user/src/rrt_star/src/Node.h:10[m[K,
                 from [01m[K/home/mi/besahre/Documents/Bachelorarbeit/Modelcar-111/catkin_ws_user/src/rrt_star/src/ListOfNodes.h:7[m[K,
                 from [01m[K/home/mi/besahre/Documents/Bachelorarbeit/Modelcar-111/catkin_ws_user/src/rrt_star/src/Node.h:10[m[K,
                 from [01m[K/home/mi/besahre/Documents/Bachelorarbeit/Modelcar-111/catkin_ws_user/src/rrt_star/src/ListOfNodes.h:7[m[K,
                 from [01m[K/home/mi/besahre/Documents/Bachelorarbeit/Modelcar-111/catkin_ws_user/src/rrt_star/src/Node.h:10[m[K,
                 from [01m[K/home/mi/besahre/Documents/Bachelorarbeit/Modelcar-111/catkin_ws_user/src/rrt_star/src/ListOfNodes.h:7[m[K,
                 from [01m[K/home/mi/besahre/Documents/Bachelorarbeit/Modelcar-111/catkin_ws_user/src/rrt_star/src/Node.h:10[m[K,
                 from [01m[K/home/mi/besahre/Documents/Bachelorarbeit/Modelcar-111/catkin_ws_user/src/rrt_star/src/ListOfNodes.h:7[m[K,
                 from [01m[K/home/mi/besahre/Documents/Bachelorarbeit/Modelcar-111/catkin_ws_user/src/rrt_star/src/Node.h:10[m[K,
                 from [01m[K/home/mi/besahre/Documents/Bachelorarbeit/Modelcar-111/catkin_ws_user/src/rrt_star/src/ListOfNodes.h:7[m[K,
                 from [01m[K/home/mi/besahre/Documents/Bachelorarbeit/Modelcar-111/catkin_ws_user/src/rrt_star/src/Node.h:10[m[K,
                 from [01m[K/home/mi/besahre/Documents/Bachelorarbeit/Modelcar-111/catkin_ws_user/src/rrt_star/src/ListOfNodes.h:7[m[K,
                 from [01m[K/home/mi/besahre/Documents/Bachelorarbeit/Modelcar-111/catkin_ws_user/src/rrt_star/src/Node.h:10[m[K,
                 from [01m[K/home/mi/besahre/Documents/Bachelorarbeit/Modelcar-111/catkin_ws_user/src/rrt_star/src/ListOfNodes.h:7[m[K,
                 from [01m[K/home/mi/besahre/Documents/Bachelorarbeit/Modelcar-111/catkin_ws_user/src/rrt_star/src/Node.h:10[m[K,
                 from [01m[K/home/mi/besahre/Documents/Bachelorarbeit/Modelcar-111/catkin_ws_user/src/rrt_star/src/ListOfNodes.h:7[m[K,
                 from [01m[K/home/mi/besahre/Documents/Bachelorarbeit/Modelcar-111/catkin_ws_user/src/rrt_star/src/Node.h:10[m[K,
                 from [01m[K/home/mi/besahre/Documents/Bachelorarbeit/Modelcar-111/catkin_ws_user/src/rrt_star/src/ListOfNodes.h:7[m[K,
                 from [01m[K/home/mi/besahre/Documents/Bachelorarbeit/Modelcar-111/catkin_ws_user/src/rrt_star/src/Node.h:10[m[K,
                 from [01m[K/home/mi/besahre/Documents/Bachelorarbeit/Modelcar-111/catkin_ws_user/src/rrt_star/src/ListOfNodes.h:7[m[K,
                 from [01m[K/home/mi/besahre/Documents/Bachelorarbeit/Modelcar-111/catkin_ws_user/src/rrt_star/src/Node.h:10[m[K,
                 from [01m[K/home/mi/besahre/Documents/Bachelorarbeit/Modelcar-111/catkin_ws_user/src/rrt_star/src/ListOfNodes.h:7[m[K,
                 from [01m[K/home/mi/besahre/Documents/Bachelorarbeit/Modelcar-111/catkin_ws_user/src/rrt_star/src/Node.h:10[m[K,
                 from [01m[K/home/mi/besahre/Documents/Bachelorarbeit/Modelcar-111/catkin_ws_user/src/rrt_star/src/ListOfNodes.h:7[m[K,
                 from [01m[K/home/mi/besahre/Documents/Bachelorarbeit/Modelcar-111/catkin_ws_user/src/rrt_star/src/Node.h:10[m[K,
                 from [01m[K/home/mi/besahre/Documents/Bachelorarbeit/Modelcar-111/catkin_ws_user/src/rrt_star/src/ListOfNodes.h:7[m[K,
                 from [01m[K/home/mi/besahre/Documents/Bachelorarbeit/Modelcar-111/catkin_ws_user/src/rrt_star/src/Node.h:10[m[K,
                 from [01m[K/home/mi/besahre/Documents/Bachelorarbeit/Modelcar-111/catkin_ws_user/src/rrt_star/src/ListOfNodes.h:7[m[K,
                 from [01m[K/home/mi/besahre/Documents/Bachelorarbeit/Modelcar-111/catkin_ws_user/src/rrt_star/src/Node.h:10[m[K,
                 from [01m[K/home/mi/besahre/Documents/Bachelorarbeit/Modelcar-111/catkin_ws_user/src/rrt_star/src/ListOfNodes.h:7[m[K,
                 from [01m[K/home/mi/besahre/Documents/Bachelorarbeit/Modelcar-111/catkin_ws_user/src/rrt_star/src/Node.h:10[m[K,
                 from [01m[K/home/mi/besahre/Documents/Bachelorarbeit/Modelcar-111/catkin_ws_user/src/rrt_star/src/ListOfNodes.h:7[m[K,
                 from [01m[K/home/mi/besahre/Documents/Bachelorarbeit/Modelcar-111/catkin_ws_user/src/rrt_star/src/Node.h:10[m[K,
                 from [01m[K/home/mi/besahre/Documents/Bachelorarbeit/Modelcar-111/catkin_ws_user/src/rrt_star/src/ListOfNodes.h:7[m[K,
                 from [01m[K/home/mi/besahre/Documents/Bachelorarbeit/Modelcar-111/catkin_ws_user/src/rrt_star/src/Node.h:10[m[K,
                 from [01m[K/home/mi/besahre/Documents/Bachelorarbeit/Modelcar-111/catkin_ws_user/src/rrt_star/src/ListOfNodes.h:7[m[K,
                 from [01m[K/home/mi/besahre/Documents/Bachelorarbeit/Modelcar-111/catkin_ws_user/src/rrt_star/src/Node.h:10[m[K,
                 from [01m[K/home/mi/besahre/Documents/Bachelorarbeit/Modelcar-111/catkin_ws_user/src/rrt_star/src/ListOfNodes.h:7[m[K,
                 from [01m[K/home/mi/besahre/Documents/Bachelorarbeit/Modelcar-111/catkin_ws_user/src/rrt_star/src/Node.h:10[m[K,
                 from [01m[K/home/mi/besahre/Documents/Bachelorarbeit/Modelcar-111/catkin_ws_user/src/rrt_star/src/ListOfNodes.h:7[m[K,
                 from [01m[K/home/mi/besahre/Documents/Bachelorarbeit/Modelcar-111/catkin_ws_user/src/rrt_star/src/Node.h:10[m[K,
                 from [01m[K/home/mi/besahre/Documents/Bachelorarbeit/Modelcar-111/catkin_ws_user/src/rrt_star/src/ListOfNodes.h:7[m[K,
                 from [01m[K/home/mi/besahre/Documents/Bachelorarbeit/Modelcar-111/catkin_ws_user/src/rrt_star/src/Node.h:10[m[K,
                 from [01m[K/home/mi/besahre/Documents/Bachelorarbeit/Modelcar-111/catkin_ws_user/src/rrt_star/src/ListOfNodes.h:7[m[K,
                 from [01m[K/home/mi/besahre/Documents/Bachelorarbeit/Modelcar-111/catkin_ws_user/src/rrt_star/src/Node.h:10[m[K,
                 from [01m[K/home/mi/besahre/Documents/Bachelorarbeit/Modelcar-111/catkin_ws_user/src/rrt_star/src/ListOfNodes.h:7[m[K,
                 from [01m[K/home/mi/besahre/Documents/Bachelorarbeit/Modelcar-111/catkin_ws_user/src/rrt_star/src/Node.h:10[m[K,
                 from [01m[K/home/mi/besahre/Documents/Bachelorarbeit/Modelcar-111/catkin_ws_user/src/rrt_star/src/ListOfNodes.h:7[m[K,
                 from [01m[K/home/mi/besahre/Documents/Bachelorarbeit/Modelcar-111/catkin_ws_user/src/rrt_star/src/Node.h:10[m[K,
                 from [01m[K/home/mi/besahre/Documents/Bachelorarbeit/Modelcar-111/catkin_ws_user/src/rrt_star/src/ListOfNodes.h:7[m[K,
                 from [01m[K/home/mi/besahre/Documents/Bachelorarbeit/Modelcar-111/catkin_ws_user/src/rrt_star/src/Node.h:10[m[K,
                 from [01m[K/home/mi/besahre/Documents/Bachelorarbeit/Modelcar-111/catkin_ws_user/src/rrt_star/src/ListOfNodes.h:7[m[K,
                 from [01m[K/home/mi/besahre/Documents/Bachelorarbeit/Modelcar-111/catkin_ws_user/src/rrt_star/src/Node.h:10[m[K,
                 from [01m[K/home/mi/besahre/Documents/Bachelorarbeit/Modelcar-111/catkin_ws_user/src/rrt_star/src/ListOfNodes.h:7[m[K,
                 from [01m[K/home/mi/besahre/Documents/Bachelorarbeit/Modelcar-111/catkin_ws_user/src/rrt_star/src/Node.h:10[m[K,
                 from [01m[K/home/mi/besahre/Documents/Bachelorarbeit/Modelcar-111/catkin_ws_user/src/rrt_star/src/ListOfNodes.h:7[m[K,
                 from [01m[K/home/mi/besahre/Documents/Bachelorarbeit/Modelcar-111/catkin_ws_user/src/rrt_star/src/Node.h:10[m[K,
                 from [01m[K/home/mi/besahre/Documents/Bachelorarbeit/Modelcar-111/catkin_ws_user/src/rrt_star/src/ListOfNodes.h:7[m[K,
                 from [01m[K/home/mi/besahre/Documents/Bachelorarbeit/Modelcar-111/catkin_ws_user/src/rrt_star/src/Node.h:10[m[K,
                 from [01m[K/home/mi/besahre/Documents/Bachelorarbeit/Modelcar-111/catkin_ws_user/src/rrt_star/src/ListOfNodes.h:7[m[K,
                 from [01m[K/home/mi/besahre/Documents/Bachelorarbeit/Modelcar-111/catkin_ws_user/src/rrt_star/src/Node.h:10[m[K,
                 from [01m[K/home/mi/besahre/Documents/Bachelorarbeit/Modelcar-111/catkin_ws_user/src/rrt_star/src/ListOfNodes.h:7[m[K,
                 from [01m[K/home/mi/besahre/Documents/Bachelorarbeit/Modelcar-111/catkin_ws_user/src/rrt_star/src/Node.h:10[m[K,
                 from [01m[K/home/mi/besahre/Documents/Bachelorarbeit/Modelcar-111/catkin_ws_user/src/rrt_star/src/ListOfNodes.h:7[m[K,
                 from [01m[K/home/mi/besahre/Documents/Bachelorarbeit/Modelcar-111/catkin_ws_user/src/rrt_star/src/Node.h:10[m[K,
                 from [01m[K/home/mi/besahre/Documents/Bachelorarbeit/Modelcar-111/catkin_ws_user/src/rrt_star/src/ListOfNodes.h:7[m[K,
                 from [01m[K/home/mi/besahre/Documents/Bachelorarbeit/Modelcar-111/catkin_ws_user/src/rrt_star/src/Node.h:10[m[K,
                 from [01m[K/home/mi/besahre/Documents/Bachelorarbeit/Modelcar-111/catkin_ws_user/src/rrt_star/src/ListOfNodes.h:7[m[K,
                 from [01m[K/home/mi/besahre/Documents/Bachelorarbeit/Modelcar-111/catkin_ws_user/src/rrt_star/src/Node.h:10[m[K,
                 from [01m[K/home/mi/besahre/Documents/Bachelorarbeit/Modelcar-111/catkin_ws_user/src/rrt_star/src/ListOfNodes.h:7[m[K,
                 from [01m[K/home/mi/besahre/Documents/Bachelorarbeit/Modelcar-111/catkin_ws_user/src/rrt_star/src/Node.h:10[m[K,
                 from [01m[K/home/mi/besahre/Documents/Bachelorarbeit/Modelcar-111/catkin_ws_user/src/rrt_star/src/ListOfNodes.h:7[m[K,
                 from [01m[K/home/mi/besahre/Documents/Bachelorarbeit/Modelcar-111/catkin_ws_user/src/rrt_star/src/Node.h:10[m[K,
                 from [01m[K/home/mi/besahre/Documents/Bachelorarbeit/Modelcar-111/catkin_ws_user/src/rrt_star/src/ListOfNodes.h:7[m[K,
                 from [01m[K/home/mi/besahre/Documents/Bachelorarbeit/Modelcar-111/catkin_ws_user/src/rrt_star/src/Node.h:10[m[K,
                 from [01m[K/home/mi/besahre/Documents/Bachelorarbeit/Modelcar-111/catkin_ws_user/src/rrt_star/src/ListOfNodes.h:7[m[K,
                 from [01m[K/home/mi/besahre/Documents/Bachelorarbeit/Modelcar-111/catkin_ws_user/src/rrt_star/src/Node.h:10[m[K,
                 from [01m[K/home/mi/besahre/Documents/Bachelorarbeit/Modelcar-111/catkin_ws_user/src/rrt_star/src/ListOfNodes.h:7[m[K,
                 from [01m[K/home/mi/besahre/Documents/Bachelorarbeit/Modelcar-111/catkin_ws_user/src/rrt_star/src/Node.h:10[m[K,
                 from [01m[K/home/mi/besahre/Documents/Bachelorarbeit/Modelcar-111/catkin_ws_user/src/rrt_star/src/ListOfNodes.h:7[m[K,
                 from [01m[K/home/mi/besahre/Documents/Bachelorarbeit/Modelcar-111/catkin_ws_user/src/rrt_star/src/Node.h:10[m[K,
                 from [01m[K/home/mi/besahre/Documents/Bachelorarbeit/Modelcar-111/catkin_ws_user/src/rrt_star/src/ListOfNodes.h:7[m[K,
                 from [01m[K/home/mi/besahre/Documents/Bachelorarbeit/Modelcar-111/catkin_ws_user/src/rrt_star/src/Node.h:10[m[K,
                 from [01m[K/home/mi/besahre/Documents/Bachelorarbeit/Modelcar-111/catkin_ws_user/src/rrt_star/src/ListOfNodes.h:7[m[K,
                 from [01m[K/home/mi/besahre/Documents/Bachelorarbeit/Modelcar-111/catkin_ws_user/src/rrt_star/src/Node.h:10[m[K,
                 from [01m[K/home/mi/besahre/Documents/Bachelorarbeit/Modelcar-111/catkin_ws_user/src/rrt_star/src/Main.h:11[m[K,
                 from [01m[K/home/mi/besahre/Documents/Bachelorarbeit/Modelcar-111/catkin_ws_user/src/rrt_star/src/Main.cpp:12[m[K:
[01m[K/usr/include/eigen3/Eigen/Dense:1:16:[m[K [01;31m[Kerror: [m[K#include nested too deeply
[01m[K/usr/include/eigen3/Eigen/Dense:2:14:[m[K [01;31m[Kerror: [m[K#include nested too deeply
[01m[K/usr/include/eigen3/Eigen/Dense:3:20:[m[K [01;31m[Kerror: [m[K#include nested too deeply
[01m[K/usr/include/eigen3/Eigen/Dense:4:14:[m[K [01;31m[Kerror: [m[K#include nested too deeply
[01m[K/usr/include/eigen3/Eigen/Dense:5:15:[m[K [01;31m[Kerror: [m[K#include nested too deeply
[01m[K/usr/include/eigen3/Eigen/Dense:6:20:[m[K [01;31m[Kerror: [m[K#include nested too deeply
[01m[K/usr/include/eigen3/Eigen/Dense:7:23:[m[K [01;31m[Kerror: [m[K#include nested too deeply
In file included from [01m[K/home/mi/besahre/Documents/Bachelorarbeit/Modelcar-111/catkin_ws_user/src/rrt_star/src/Node.h:10:0[m[K,
                 from [01m[K/home/mi/besahre/Documents/Bachelorarbeit/Modelcar-111/catkin_ws_user/src/rrt_star/src/ListOfNodes.h:7[m[K,
                 from [01m[K/home/mi/besahre/Documents/Bachelorarbeit/Modelcar-111/catkin_ws_user/src/rrt_star/src/Node.h:10[m[K,
                 from [01m[K/home/mi/besahre/Documents/Bachelorarbeit/Modelcar-111/catkin_ws_user/src/rrt_star/src/ListOfNodes.h:7[m[K,
                 from [01m[K/home/mi/besahre/Documents/Bachelorarbeit/Modelcar-111/catkin_ws_user/src/rrt_star/src/Node.h:10[m[K,
                 from [01m[K/home/mi/besahre/Documents/Bachelorarbeit/Modelcar-111/catkin_ws_user/src/rrt_star/src/ListOfNodes.h:7[m[K,
                 from [01m[K/home/mi/besahre/Documents/Bachelorarbeit/Modelcar-111/catkin_ws_user/src/rrt_star/src/Node.h:10[m[K,
                 from [01m[K/home/mi/besahre/Documents/Bachelorarbeit/Modelcar-111/catkin_ws_user/src/rrt_star/src/ListOfNodes.h:7[m[K,
                 from [01m[K/home/mi/besahre/Documents/Bachelorarbeit/Modelcar-111/catkin_ws_user/src/rrt_star/src/Node.h:10[m[K,
                 from [01m[K/home/mi/besahre/Documents/Bachelorarbeit/Modelcar-111/catkin_ws_user/src/rrt_star/src/ListOfNodes.h:7[m[K,
                 from [01m[K/home/mi/besahre/Documents/Bachelorarbeit/Modelcar-111/catkin_ws_user/src/rrt_star/src/Node.h:10[m[K,
                 from [01m[K/home/mi/besahre/Documents/Bachelorarbeit/Modelcar-111/catkin_ws_user/src/rrt_star/src/ListOfNodes.h:7[m[K,
                 from [01m[K/home/mi/besahre/Documents/Bachelorarbeit/Modelcar-111/catkin_ws_user/src/rrt_star/src/Node.h:10[m[K,
                 from [01m[K/home/mi/besahre/Documents/Bachelorarbeit/Modelcar-111/catkin_ws_user/src/rrt_star/src/ListOfNodes.h:7[m[K,
                 from [01m[K/home/mi/besahre/Documents/Bachelorarbeit/Modelcar-111/catkin_ws_user/src/rrt_star/src/Node.h:10[m[K,
                 from [01m[K/home/mi/besahre/Documents/Bachelorarbeit/Modelcar-111/catkin_ws_user/src/rrt_star/src/ListOfNodes.h:7[m[K,
                 from [01m[K/home/mi/besahre/Documents/Bachelorarbeit/Modelcar-111/catkin_ws_user/src/rrt_star/src/Node.h:10[m[K,
                 from [01m[K/home/mi/besahre/Documents/Bachelorarbeit/Modelcar-111/catkin_ws_user/src/rrt_star/src/ListOfNodes.h:7[m[K,
                 from [01m[K/home/mi/besahre/Documents/Bachelorarbeit/Modelcar-111/catkin_ws_user/src/rrt_star/src/Node.h:10[m[K,
                 from [01m[K/home/mi/besahre/Documents/Bachelorarbeit/Modelcar-111/catkin_ws_user/src/rrt_star/src/ListOfNodes.h:7[m[K,
                 from [01m[K/home/mi/besahre/Documents/Bachelorarbeit/Modelcar-111/catkin_ws_user/src/rrt_star/src/Node.h:10[m[K,
                 from [01m[K/home/mi/besahre/Documents/Bachelorarbeit/Modelcar-111/catkin_ws_user/src/rrt_star/src/ListOfNodes.h:7[m[K,
                 from [01m[K/home/mi/besahre/Documents/Bachelorarbeit/Modelcar-111/catkin_ws_user/src/rrt_star/src/Node.h:10[m[K,
                 from [01m[K/home/mi/besahre/Documents/Bachelorarbeit/Modelcar-111/catkin_ws_user/src/rrt_star/src/ListOfNodes.h:7[m[K,
                 from [01m[K/home/mi/besahre/Documents/Bachelorarbeit/Modelcar-111/catkin_ws_user/src/rrt_star/src/Node.h:10[m[K,
                 from [01m[K/home/mi/besahre/Documents/Bachelorarbeit/Modelcar-111/catkin_ws_user/src/rrt_star/src/ListOfNodes.h:7[m[K,
                 from [01m[K/home/mi/besahre/Documents/Bachelorarbeit/Modelcar-111/catkin_ws_user/src/rrt_star/src/Node.h:10[m[K,
                 from [01m[K/home/mi/besahre/Documents/Bachelorarbeit/Modelcar-111/catkin_ws_user/src/rrt_star/src/ListOfNodes.h:7[m[K,
                 from [01m[K/home/mi/besahre/Documents/Bachelorarbeit/Modelcar-111/catkin_ws_user/src/rrt_star/src/Node.h:10[m[K,
                 from [01m[K/home/mi/besahre/Documents/Bachelorarbeit/Modelcar-111/catkin_ws_user/src/rrt_star/src/ListOfNodes.h:7[m[K,
                 from [01m[K/home/mi/besahre/Documents/Bachelorarbeit/Modelcar-111/catkin_ws_user/src/rrt_star/src/Node.h:10[m[K,
                 from [01m[K/home/mi/besahre/Documents/Bachelorarbeit/Modelcar-111/catkin_ws_user/src/rrt_star/src/ListOfNodes.h:7[m[K,
                 from [01m[K/home/mi/besahre/Documents/Bachelorarbeit/Modelcar-111/catkin_ws_user/src/rrt_star/src/Node.h:10[m[K,
                 from [01m[K/home/mi/besahre/Documents/Bachelorarbeit/Modelcar-111/catkin_ws_user/src/rrt_star/src/ListOfNodes.h:7[m[K,
                 from [01m[K/home/mi/besahre/Documents/Bachelorarbeit/Modelcar-111/catkin_ws_user/src/rrt_star/src/Node.h:10[m[K,
                 from [01m[K/home/mi/besahre/Documents/Bachelorarbeit/Modelcar-111/catkin_ws_user/src/rrt_star/src/ListOfNodes.h:7[m[K,
                 from [01m[K/home/mi/besahre/Documents/Bachelorarbeit/Modelcar-111/catkin_ws_user/src/rrt_star/src/Node.h:10[m[K,
                 from [01m[K/home/mi/besahre/Documents/Bachelorarbeit/Modelcar-111/catkin_ws_user/src/rrt_star/src/ListOfNodes.h:7[m[K,
                 from [01m[K/home/mi/besahre/Documents/Bachelorarbeit/Modelcar-111/catkin_ws_user/src/rrt_star/src/Node.h:10[m[K,
                 from [01m[K/home/mi/besahre/Documents/Bachelorarbeit/Modelcar-111/catkin_ws_user/src/rrt_star/src/ListOfNodes.h:7[m[K,
                 from [01m[K/home/mi/besahre/Documents/Bachelorarbeit/Modelcar-111/catkin_ws_user/src/rrt_star/src/Node.h:10[m[K,
                 from [01m[K/home/mi/besahre/Documents/Bachelorarbeit/Modelcar-111/catkin_ws_user/src/rrt_star/src/ListOfNodes.h:7[m[K,
                 from [01m[K/home/mi/besahre/Documents/Bachelorarbeit/Modelcar-111/catkin_ws_user/src/rrt_star/src/Node.h:10[m[K,
                 from [01m[K/home/mi/besahre/Documents/Bachelorarbeit/Modelcar-111/catkin_ws_user/src/rrt_star/src/ListOfNodes.h:7[m[K,
                 from [01m[K/home/mi/besahre/Documents/Bachelorarbeit/Modelcar-111/catkin_ws_user/src/rrt_star/src/Node.h:10[m[K,
                 from [01m[K/home/mi/besahre/Documents/Bachelorarbeit/Modelcar-111/catkin_ws_user/src/rrt_star/src/ListOfNodes.h:7[m[K,
                 from [01m[K/home/mi/besahre/Documents/Bachelorarbeit/Modelcar-111/catkin_ws_user/src/rrt_star/src/Node.h:10[m[K,
                 from [01m[K/home/mi/besahre/Documents/Bachelorarbeit/Modelcar-111/catkin_ws_user/src/rrt_star/src/ListOfNodes.h:7[m[K,
                 from [01m[K/home/mi/besahre/Documents/Bachelorarbeit/Modelcar-111/catkin_ws_user/src/rrt_star/src/Node.h:10[m[K,
                 from [01m[K/home/mi/besahre/Documents/Bachelorarbeit/Modelcar-111/catkin_ws_user/src/rrt_star/src/ListOfNodes.h:7[m[K,
                 from [01m[K/home/mi/besahre/Documents/Bachelorarbeit/Modelcar-111/catkin_ws_user/src/rrt_star/src/Node.h:10[m[K,
                 from [01m[K/home/mi/besahre/Documents/Bachelorarbeit/Modelcar-111/catkin_ws_user/src/rrt_star/src/ListOfNodes.h:7[m[K,
                 from [01m[K/home/mi/besahre/Documents/Bachelorarbeit/Modelcar-111/catkin_ws_user/src/rrt_star/src/Node.h:10[m[K,
                 from [01m[K/home/mi/besahre/Documents/Bachelorarbeit/Modelcar-111/catkin_ws_user/src/rrt_star/src/ListOfNodes.h:7[m[K,
                 from [01m[K/home/mi/besahre/Documents/Bachelorarbeit/Modelcar-111/catkin_ws_user/src/rrt_star/src/Node.h:10[m[K,
                 from [01m[K/home/mi/besahre/Documents/Bachelorarbeit/Modelcar-111/catkin_ws_user/src/rrt_star/src/ListOfNodes.h:7[m[K,
                 from [01m[K/home/mi/besahre/Documents/Bachelorarbeit/Modelcar-111/catkin_ws_user/src/rrt_star/src/Node.h:10[m[K,
                 from [01m[K/home/mi/besahre/Documents/Bachelorarbeit/Modelcar-111/catkin_ws_user/src/rrt_star/src/ListOfNodes.h:7[m[K,
                 from [01m[K/home/mi/besahre/Documents/Bachelorarbeit/Modelcar-111/catkin_ws_user/src/rrt_star/src/Node.h:10[m[K,
                 from [01m[K/home/mi/besahre/Documents/Bachelorarbeit/Modelcar-111/catkin_ws_user/src/rrt_star/src/ListOfNodes.h:7[m[K,
                 from [01m[K/home/mi/besahre/Documents/Bachelorarbeit/Modelcar-111/catkin_ws_user/src/rrt_star/src/Node.h:10[m[K,
                 from [01m[K/home/mi/besahre/Documents/Bachelorarbeit/Modelcar-111/catkin_ws_user/src/rrt_star/src/ListOfNodes.h:7[m[K,
                 from [01m[K/home/mi/besahre/Documents/Bachelorarbeit/Modelcar-111/catkin_ws_user/src/rrt_star/src/Node.h:10[m[K,
                 from [01m[K/home/mi/besahre/Documents/Bachelorarbeit/Modelcar-111/catkin_ws_user/src/rrt_star/src/ListOfNodes.h:7[m[K,
                 from [01m[K/home/mi/besahre/Documents/Bachelorarbeit/Modelcar-111/catkin_ws_user/src/rrt_star/src/Node.h:10[m[K,
                 from [01m[K/home/mi/besahre/Documents/Bachelorarbeit/Modelcar-111/catkin_ws_user/src/rrt_star/src/ListOfNodes.h:7[m[K,
                 from [01m[K/home/mi/besahre/Documents/Bachelorarbeit/Modelcar-111/catkin_ws_user/src/rrt_star/src/Node.h:10[m[K,
                 from [01m[K/home/mi/besahre/Documents/Bachelorarbeit/Modelcar-111/catkin_ws_user/src/rrt_star/src/ListOfNodes.h:7[m[K,
                 from [01m[K/home/mi/besahre/Documents/Bachelorarbeit/Modelcar-111/catkin_ws_user/src/rrt_star/src/Node.h:10[m[K,
                 from [01m[K/home/mi/besahre/Documents/Bachelorarbeit/Modelcar-111/catkin_ws_user/src/rrt_star/src/ListOfNodes.h:7[m[K,
                 from [01m[K/home/mi/besahre/Documents/Bachelorarbeit/Modelcar-111/catkin_ws_user/src/rrt_star/src/Node.h:10[m[K,
                 from [01m[K/home/mi/besahre/Documents/Bachelorarbeit/Modelcar-111/catkin_ws_user/src/rrt_star/src/ListOfNodes.h:7[m[K,
                 from [01m[K/home/mi/besahre/Documents/Bachelorarbeit/Modelcar-111/catkin_ws_user/src/rrt_star/src/Node.h:10[m[K,
                 from [01m[K/home/mi/besahre/Documents/Bachelorarbeit/Modelcar-111/catkin_ws_user/src/rrt_star/src/ListOfNodes.h:7[m[K,
                 from [01m[K/home/mi/besahre/Documents/Bachelorarbeit/Modelcar-111/catkin_ws_user/src/rrt_star/src/Node.h:10[m[K,
                 from [01m[K/home/mi/besahre/Documents/Bachelorarbeit/Modelcar-111/catkin_ws_user/src/rrt_star/src/ListOfNodes.h:7[m[K,
                 from [01m[K/home/mi/besahre/Documents/Bachelorarbeit/Modelcar-111/catkin_ws_user/src/rrt_star/src/Node.h:10[m[K,
                 from [01m[K/home/mi/besahre/Documents/Bachelorarbeit/Modelcar-111/catkin_ws_user/src/rrt_star/src/ListOfNodes.h:7[m[K,
                 from [01m[K/home/mi/besahre/Documents/Bachelorarbeit/Modelcar-111/catkin_ws_user/src/rrt_star/src/Node.h:10[m[K,
                 from [01m[K/home/mi/besahre/Documents/Bachelorarbeit/Modelcar-111/catkin_ws_user/src/rrt_star/src/ListOfNodes.h:7[m[K,
                 from [01m[K/home/mi/besahre/Documents/Bachelorarbeit/Modelcar-111/catkin_ws_user/src/rrt_star/src/Node.h:10[m[K,
                 from [01m[K/home/mi/besahre/Documents/Bachelorarbeit/Modelcar-111/catkin_ws_user/src/rrt_star/src/ListOfNodes.h:7[m[K,
                 from [01m[K/home/mi/besahre/Documents/Bachelorarbeit/Modelcar-111/catkin_ws_user/src/rrt_star/src/Node.h:10[m[K,
                 from [01m[K/home/mi/besahre/Documents/Bachelorarbeit/Modelcar-111/catkin_ws_user/src/rrt_star/src/ListOfNodes.h:7[m[K,
                 from [01m[K/home/mi/besahre/Documents/Bachelorarbeit/Modelcar-111/catkin_ws_user/src/rrt_star/src/Node.h:10[m[K,
                 from [01m[K/home/mi/besahre/Documents/Bachelorarbeit/Modelcar-111/catkin_ws_user/src/rrt_star/src/ListOfNodes.h:7[m[K,
                 from [01m[K/home/mi/besahre/Documents/Bachelorarbeit/Modelcar-111/catkin_ws_user/src/rrt_star/src/Node.h:10[m[K,
                 from [01m[K/home/mi/besahre/Documents/Bachelorarbeit/Modelcar-111/catkin_ws_user/src/rrt_star/src/ListOfNodes.h:7[m[K,
                 from [01m[K/home/mi/besahre/Documents/Bachelorarbeit/Modelcar-111/catkin_ws_user/src/rrt_star/src/Node.h:10[m[K,
                 from [01m[K/home/mi/besahre/Documents/Bachelorarbeit/Modelcar-111/catkin_ws_user/src/rrt_star/src/ListOfNodes.h:7[m[K,
                 from [01m[K/home/mi/besahre/Documents/Bachelorarbeit/Modelcar-111/catkin_ws_user/src/rrt_star/src/Node.h:10[m[K,
                 from [01m[K/home/mi/besahre/Documents/Bachelorarbeit/Modelcar-111/catkin_ws_user/src/rrt_star/src/ListOfNodes.h:7[m[K,
                 from [01m[K/home/mi/besahre/Documents/Bachelorarbeit/Modelcar-111/catkin_ws_user/src/rrt_star/src/Node.h:10[m[K,
                 from [01m[K/home/mi/besahre/Documents/Bachelorarbeit/Modelcar-111/catkin_ws_user/src/rrt_star/src/ListOfNodes.h:7[m[K,
                 from [01m[K/home/mi/besahre/Documents/Bachelorarbeit/Modelcar-111/catkin_ws_user/src/rrt_star/src/Node.h:10[m[K,
                 from [01m[K/home/mi/besahre/Documents/Bachelorarbeit/Modelcar-111/catkin_ws_user/src/rrt_star/src/ListOfNodes.h:7[m[K,
                 from [01m[K/home/mi/besahre/Documents/Bachelorarbeit/Modelcar-111/catkin_ws_user/src/rrt_star/src/Node.h:10[m[K,
                 from [01m[K/home/mi/besahre/Documents/Bachelorarbeit/Modelcar-111/catkin_ws_user/src/rrt_star/src/ListOfNodes.h:7[m[K,
                 from [01m[K/home/mi/besahre/Documents/Bachelorarbeit/Modelcar-111/catkin_ws_user/src/rrt_star/src/Node.h:10[m[K,
                 from [01m[K/home/mi/besahre/Documents/Bachelorarbeit/Modelcar-111/catkin_ws_user/src/rrt_star/src/ListOfNodes.h:7[m[K,
                 from [01m[K/home/mi/besahre/Documents/Bachelorarbeit/Modelcar-111/catkin_ws_user/src/rrt_star/src/Node.h:10[m[K,
                 from [01m[K/home/mi/besahre/Documents/Bachelorarbeit/Modelcar-111/catkin_ws_user/src/rrt_star/src/ListOfNodes.h:7[m[K,
                 from [01m[K/home/mi/besahre/Documents/Bachelorarbeit/Modelcar-111/catkin_ws_user/src/rrt_star/src/Node.h:10[m[K,
                 from [01m[K/home/mi/besahre/Documents/Bachelorarbeit/Modelcar-111/catkin_ws_user/src/rrt_star/src/ListOfNodes.h:7[m[K,
                 from [01m[K/home/mi/besahre/Documents/Bachelorarbeit/Modelcar-111/catkin_ws_user/src/rrt_star/src/Node.h:10[m[K,
                 from [01m[K/home/mi/besahre/Documents/Bachelorarbeit/Modelcar-111/catkin_ws_user/src/rrt_star/src/ListOfNodes.h:7[m[K,
                 from [01m[K/home/mi/besahre/Documents/Bachelorarbeit/Modelcar-111/catkin_ws_user/src/rrt_star/src/Node.h:10[m[K,
                 from [01m[K/home/mi/besahre/Documents/Bachelorarbeit/Modelcar-111/catkin_ws_user/src/rrt_star/src/ListOfNodes.h:7[m[K,
                 from [01m[K/home/mi/besahre/Documents/Bachelorarbeit/Modelcar-111/catkin_ws_user/src/rrt_star/src/Node.h:10[m[K,
                 from [01m[K/home/mi/besahre/Documents/Bachelorarbeit/Modelcar-111/catkin_ws_user/src/rrt_star/src/ListOfNodes.h:7[m[K,
                 from [01m[K/home/mi/besahre/Documents/Bachelorarbeit/Modelcar-111/catkin_ws_user/src/rrt_star/src/Node.h:10[m[K,
                 from [01m[K/home/mi/besahre/Documents/Bachelorarbeit/Modelcar-111/catkin_ws_user/src/rrt_star/src/ListOfNodes.h:7[m[K,
                 from [01m[K/home/mi/besahre/Documents/Bachelorarbeit/Modelcar-111/catkin_ws_user/src/rrt_star/src/Node.h:10[m[K,
                 from [01m[K/home/mi/besahre/Documents/Bachelorarbeit/Modelcar-111/catkin_ws_user/src/rrt_star/src/ListOfNodes.h:7[m[K,
                 from [01m[K/home/mi/besahre/Documents/Bachelorarbeit/Modelcar-111/catkin_ws_user/src/rrt_star/src/Node.h:10[m[K,
                 from [01m[K/home/mi/besahre/Documents/Bachelorarbeit/Modelcar-111/catkin_ws_user/src/rrt_star/src/ListOfNodes.h:7[m[K,
                 from [01m[K/home/mi/besahre/Documents/Bachelorarbeit/Modelcar-111/catkin_ws_user/src/rrt_star/src/Node.h:10[m[K,
                 from [01m[K/home/mi/besahre/Documents/Bachelorarbeit/Modelcar-111/catkin_ws_user/src/rrt_star/src/ListOfNodes.h:7[m[K,
                 from [01m[K/home/mi/besahre/Documents/Bachelorarbeit/Modelcar-111/catkin_ws_user/src/rrt_star/src/Node.h:10[m[K,
                 from [01m[K/home/mi/besahre/Documents/Bachelorarbeit/Modelcar-111/catkin_ws_user/src/rrt_star/src/ListOfNodes.h:7[m[K,
                 from [01m[K/home/mi/besahre/Documents/Bachelorarbeit/Modelcar-111/catkin_ws_user/src/rrt_star/src/Node.h:10[m[K,
                 from [01m[K/home/mi/besahre/Documents/Bachelorarbeit/Modelcar-111/catkin_ws_user/src/rrt_star/src/ListOfNodes.h:7[m[K,
                 from [01m[K/home/mi/besahre/Documents/Bachelorarbeit/Modelcar-111/catkin_ws_user/src/rrt_star/src/Node.h:10[m[K,
                 from [01m[K/home/mi/besahre/Documents/Bachelorarbeit/Modelcar-111/catkin_ws_user/src/rrt_star/src/ListOfNodes.h:7[m[K,
                 from [01m[K/home/mi/besahre/Documents/Bachelorarbeit/Modelcar-111/catkin_ws_user/src/rrt_star/src/Node.h:10[m[K,
                 from [01m[K/home/mi/besahre/Documents/Bachelorarbeit/Modelcar-111/catkin_ws_user/src/rrt_star/src/ListOfNodes.h:7[m[K,
                 from [01m[K/home/mi/besahre/Documents/Bachelorarbeit/Modelcar-111/catkin_ws_user/src/rrt_star/src/Node.h:10[m[K,
                 from [01m[K/home/mi/besahre/Documents/Bachelorarbeit/Modelcar-111/catkin_ws_user/src/rrt_star/src/ListOfNodes.h:7[m[K,
                 from [01m[K/home/mi/besahre/Documents/Bachelorarbeit/Modelcar-111/catkin_ws_user/src/rrt_star/src/Node.h:10[m[K,
                 from [01m[K/home/mi/besahre/Documents/Bachelorarbeit/Modelcar-111/catkin_ws_user/src/rrt_star/src/ListOfNodes.h:7[m[K,
                 from [01m[K/home/mi/besahre/Documents/Bachelorarbeit/Modelcar-111/catkin_ws_user/src/rrt_star/src/Node.h:10[m[K,
                 from [01m[K/home/mi/besahre/Documents/Bachelorarbeit/Modelcar-111/catkin_ws_user/src/rrt_star/src/ListOfNodes.h:7[m[K,
                 from [01m[K/home/mi/besahre/Documents/Bachelorarbeit/Modelcar-111/catkin_ws_user/src/rrt_star/src/Node.h:10[m[K,
                 from [01m[K/home/mi/besahre/Documents/Bachelorarbeit/Modelcar-111/catkin_ws_user/src/rrt_star/src/ListOfNodes.h:7[m[K,
                 from [01m[K/home/mi/besahre/Documents/Bachelorarbeit/Modelcar-111/catkin_ws_user/src/rrt_star/src/Node.h:10[m[K,
                 from [01m[K/home/mi/besahre/Documents/Bachelorarbeit/Modelcar-111/catkin_ws_user/src/rrt_star/src/ListOfNodes.h:7[m[K,
                 from [01m[K/home/mi/besahre/Documents/Bachelorarbeit/Modelcar-111/catkin_ws_user/src/rrt_star/src/Node.h:10[m[K,
                 from [01m[K/home/mi/besahre/Documents/Bachelorarbeit/Modelcar-111/catkin_ws_user/src/rrt_star/src/ListOfNodes.h:7[m[K,
                 from [01m[K/home/mi/besahre/Documents/Bachelorarbeit/Modelcar-111/catkin_ws_user/src/rrt_star/src/Node.h:10[m[K,
                 from [01m[K/home/mi/besahre/Documents/Bachelorarbeit/Modelcar-111/catkin_ws_user/src/rrt_star/src/ListOfNodes.h:7[m[K,
                 from [01m[K/home/mi/besahre/Documents/Bachelorarbeit/Modelcar-111/catkin_ws_user/src/rrt_star/src/Node.h:10[m[K,
                 from [01m[K/home/mi/besahre/Documents/Bachelorarbeit/Modelcar-111/catkin_ws_user/src/rrt_star/src/ListOfNodes.h:7[m[K,
                 from [01m[K/home/mi/besahre/Documents/Bachelorarbeit/Modelcar-111/catkin_ws_user/src/rrt_star/src/Node.h:10[m[K,
                 from [01m[K/home/mi/besahre/Documents/Bachelorarbeit/Modelcar-111/catkin_ws_user/src/rrt_star/src/ListOfNodes.h:7[m[K,
                 from [01m[K/home/mi/besahre/Documents/Bachelorarbeit/Modelcar-111/catkin_ws_user/src/rrt_star/src/Node.h:10[m[K,
                 from [01m[K/home/mi/besahre/Documents/Bachelorarbeit/Modelcar-111/catkin_ws_user/src/rrt_star/src/ListOfNodes.h:7[m[K,
                 from [01m[K/home/mi/besahre/Documents/Bachelorarbeit/Modelcar-111/catkin_ws_user/src/rrt_star/src/Node.h:10[m[K,
                 from [01m[K/home/mi/besahre/Documents/Bachelorarbeit/Modelcar-111/catkin_ws_user/src/rrt_star/src/ListOfNodes.h:7[m[K,
                 from [01m[K/home/mi/besahre/Documents/Bachelorarbeit/Modelcar-111/catkin_ws_user/src/rrt_star/src/Node.h:10[m[K,
                 from [01m[K/home/mi/besahre/Documents/Bachelorarbeit/Modelcar-111/catkin_ws_user/src/rrt_star/src/ListOfNodes.h:7[m[K,
                 from [01m[K/home/mi/besahre/Documents/Bachelorarbeit/Modelcar-111/catkin_ws_user/src/rrt_star/src/Node.h:10[m[K,
                 from [01m[K/home/mi/besahre/Documents/Bachelorarbeit/Modelcar-111/catkin_ws_user/src/rrt_star/src/ListOfNodes.h:7[m[K,
                 from [01m[K/home/mi/besahre/Documents/Bachelorarbeit/Modelcar-111/catkin_ws_user/src/rrt_star/src/Node.h:10[m[K,
                 from [01m[K/home/mi/besahre/Documents/Bachelorarbeit/Modelcar-111/catkin_ws_user/src/rrt_star/src/ListOfNodes.h:7[m[K,
                 from [01m[K/home/mi/besahre/Documents/Bachelorarbeit/Modelcar-111/catkin_ws_user/src/rrt_star/src/Node.h:10[m[K,
                 from [01m[K/home/mi/besahre/Documents/Bachelorarbeit/Modelcar-111/catkin_ws_user/src/rrt_star/src/ListOfNodes.h:7[m[K,
                 from [01m[K/home/mi/besahre/Documents/Bachelorarbeit/Modelcar-111/catkin_ws_user/src/rrt_star/src/Node.h:10[m[K,
                 from [01m[K/home/mi/besahre/Documents/Bachelorarbeit/Modelcar-111/catkin_ws_user/src/rrt_star/src/ListOfNodes.h:7[m[K,
                 from [01m[K/home/mi/besahre/Documents/Bachelorarbeit/Modelcar-111/catkin_ws_user/src/rrt_star/src/Node.h:10[m[K,
                 from [01m[K/home/mi/besahre/Documents/Bachelorarbeit/Modelcar-111/catkin_ws_user/src/rrt_star/src/ListOfNodes.h:7[m[K,
                 from [01m[K/home/mi/besahre/Documents/Bachelorarbeit/Modelcar-111/catkin_ws_user/src/rrt_star/src/Node.h:10[m[K,
                 from [01m[K/home/mi/besahre/Documents/Bachelorarbeit/Modelcar-111/catkin_ws_user/src/rrt_star/src/ListOfNodes.h:7[m[K,
                 from [01m[K/home/mi/besahre/Documents/Bachelorarbeit/Modelcar-111/catkin_ws_user/src/rrt_star/src/Node.h:10[m[K,
                 from [01m[K/home/mi/besahre/Documents/Bachelorarbeit/Modelcar-111/catkin_ws_user/src/rrt_star/src/ListOfNodes.h:7[m[K,
                 from [01m[K/home/mi/besahre/Documents/Bachelorarbeit/Modelcar-111/catkin_ws_user/src/rrt_star/src/Node.h:10[m[K,
                 from [01m[K/home/mi/besahre/Documents/Bachelorarbeit/Modelcar-111/catkin_ws_user/src/rrt_star/src/ListOfNodes.h:7[m[K,
                 from [01m[K/home/mi/besahre/Documents/Bachelorarbeit/Modelcar-111/catkin_ws_user/src/rrt_star/src/Node.h:10[m[K,
                 from [01m[K/home/mi/besahre/Documents/Bachelorarbeit/Modelcar-111/catkin_ws_user/src/rrt_star/src/ListOfNodes.h:7[m[K,
                 from [01m[K/home/mi/besahre/Documents/Bachelorarbeit/Modelcar-111/catkin_ws_user/src/rrt_star/src/Node.h:10[m[K,
                 from [01m[K/home/mi/besahre/Documents/Bachelorarbeit/Modelcar-111/catkin_ws_user/src/rrt_star/src/ListOfNodes.h:7[m[K,
                 from [01m[K/home/mi/besahre/Documents/Bachelorarbeit/Modelcar-111/catkin_ws_user/src/rrt_star/src/Node.h:10[m[K,
                 from [01m[K/home/mi/besahre/Documents/Bachelorarbeit/Modelcar-111/catkin_ws_user/src/rrt_star/src/ListOfNodes.h:7[m[K,
                 from [01m[K/home/mi/besahre/Documents/Bachelorarbeit/Modelcar-111/catkin_ws_user/src/rrt_star/src/Node.h:10[m[K,
                 from [01m[K/home/mi/besahre/Documents/Bachelorarbeit/Modelcar-111/catkin_ws_user/src/rrt_star/src/ListOfNodes.h:7[m[K,
                 from [01m[K/home/mi/besahre/Documents/Bachelorarbeit/Modelcar-111/catkin_ws_user/src/rrt_star/src/Node.h:10[m[K,
                 from [01m[K/home/mi/besahre/Documents/Bachelorarbeit/Modelcar-111/catkin_ws_user/src/rrt_star/src/ListOfNodes.h:7[m[K,
                 from [01m[K/home/mi/besahre/Documents/Bachelorarbeit/Modelcar-111/catkin_ws_user/src/rrt_star/src/Node.h:10[m[K,
                 from [01m[K/home/mi/besahre/Documents/Bachelorarbeit/Modelcar-111/catkin_ws_user/src/rrt_star/src/ListOfNodes.h:7[m[K,
                 from [01m[K/home/mi/besahre/Documents/Bachelorarbeit/Modelcar-111/catkin_ws_user/src/rrt_star/src/Node.h:10[m[K,
                 from [01m[K/home/mi/besahre/Documents/Bachelorarbeit/Modelcar-111/catkin_ws_user/src/rrt_star/src/ListOfNodes.h:7[m[K,
                 from [01m[K/home/mi/besahre/Documents/Bachelorarbeit/Modelcar-111/catkin_ws_user/src/rrt_star/src/Node.h:10[m[K,
                 from [01m[K/home/mi/besahre/Documents/Bachelorarbeit/Modelcar-111/catkin_ws_user/src/rrt_star/src/ListOfNodes.h:7[m[K,
                 from [01m[K/home/mi/besahre/Documents/Bachelorarbeit/Modelcar-111/catkin_ws_user/src/rrt_star/src/Node.h:10[m[K,
                 from [01m[K/home/mi/besahre/Documents/Bachelorarbeit/Modelcar-111/catkin_ws_user/src/rrt_star/src/ListOfNodes.h:7[m[K,
                 from [01m[K/home/mi/besahre/Documents/Bachelorarbeit/Modelcar-111/catkin_ws_user/src/rrt_star/src/Node.h:10[m[K,
                 from [01m[K/home/mi/besahre/Documents/Bachelorarbeit/Modelcar-111/catkin_ws_user/src/rrt_star/src/ListOfNodes.h:7[m[K,
                 from [01m[K/home/mi/besahre/Documents/Bachelorarbeit/Modelcar-111/catkin_ws_user/src/rrt_star/src/Node.h:10[m[K,
                 from [01m[K/home/mi/besahre/Documents/Bachelorarbeit/Modelcar-111/catkin_ws_user/src/rrt_star/src/ListOfNodes.h:7[m[K,
                 from [01m[K/home/mi/besahre/Documents/Bachelorarbeit/Modelcar-111/catkin_ws_user/src/rrt_star/src/Node.h:10[m[K,
                 from [01m[K/home/mi/besahre/Documents/Bachelorarbeit/Modelcar-111/catkin_ws_user/src/rrt_star/src/ListOfNodes.h:7[m[K,
                 from [01m[K/home/mi/besahre/Documents/Bachelorarbeit/Modelcar-111/catkin_ws_user/src/rrt_star/src/Node.h:10[m[K,
                 from [01m[K/home/mi/besahre/Documents/Bachelorarbeit/Modelcar-111/catkin_ws_user/src/rrt_star/src/ListOfNodes.h:7[m[K,
                 from [01m[K/home/mi/besahre/Documents/Bachelorarbeit/Modelcar-111/catkin_ws_user/src/rrt_star/src/Node.h:10[m[K,
                 from [01m[K/home/mi/besahre/Documents/Bachelorarbeit/Modelcar-111/catkin_ws_user/src/rrt_star/src/ListOfNodes.h:7[m[K,
                 from [01m[K/home/mi/besahre/Documents/Bachelorarbeit/Modelcar-111/catkin_ws_user/src/rrt_star/src/Node.h:10[m[K,
                 from [01m[K/home/mi/besahre/Documents/Bachelorarbeit/Modelcar-111/catkin_ws_user/src/rrt_star/src/ListOfNodes.h:7[m[K,
                 from [01m[K/home/mi/besahre/Documents/Bachelorarbeit/Modelcar-111/catkin_ws_user/src/rrt_star/src/Node.h:10[m[K,
                 from [01m[K/home/mi/besahre/Documents/Bachelorarbeit/Modelcar-111/catkin_ws_user/src/rrt_star/src/Main.h:11[m[K,
                 from [01m[K/home/mi/besahre/Documents/Bachelorarbeit/Modelcar-111/catkin_ws_user/src/rrt_star/src/Main.cpp:12[m[K:
[01m[K/home/mi/besahre/Documents/Bachelorarbeit/Modelcar-111/catkin_ws_user/src/rrt_star/src/ListOfNodes.h:7:18:[m[K [01;31m[Kerror: [m[K#include nested too deeply
[01m[K/home/mi/besahre/Documents/Bachelorarbeit/Modelcar-111/catkin_ws_user/src/rrt_star/src/ListOfNodes.h:8:16:[m[K [01;31m[Kerror: [m[K#include nested too deeply
[01m[K/home/mi/besahre/Documents/Bachelorarbeit/Modelcar-111/catkin_ws_user/src/rrt_star/src/Main.cpp:19:21:[m[K [01;31m[Kfatal error: [m[KRRTSTAR.h: No such file or directory
compilation terminated.
make[2]: *** [CMakeFiles/rrt_star_node.dir/src/Main.cpp.o] Error 1
make[1]: *** [CMakeFiles/rrt_star_node.dir/all] Error 2
make: *** [all] Error 2
