[01m[K/home/mi/besahre/Documents/Bachelorarbeit/Modelcar-111/catkin_ws_user/src/rrt_star/src/Node.cpp:[m[K In member function ‘[01m[Kbool Node::calculate_yaw()[m[K’:
[01m[K/home/mi/besahre/Documents/Bachelorarbeit/Modelcar-111/catkin_ws_user/src/rrt_star/src/Node.cpp:23:42:[m[K [01;31m[Kerror: [m[Kinvalid operands of types ‘[01m[Kdouble[m[K’ and ‘[01m[Kdouble[m[K’ to binary ‘[01m[Koperator%[m[K’
  yaw= dir_yaw+(dir_yaw-par_yaw)% (2* M_PI);
[01;32m[K                                          ^[m[K
In file included from [01m[K/usr/include/c++/5/list:63:0[m[K,
                 from [01m[K/home/mi/besahre/Documents/Bachelorarbeit/Modelcar-111/catkin_ws_user/src/rrt_star/src/Node.h:9[m[K,
                 from [01m[K/home/mi/besahre/Documents/Bachelorarbeit/Modelcar-111/catkin_ws_user/src/rrt_star/src/ListOfNodes.h:7[m[K,
                 from [01m[K/home/mi/besahre/Documents/Bachelorarbeit/Modelcar-111/catkin_ws_user/src/rrt_star/src/ListOfNodes.cpp:8[m[K:
/usr/include/c++/5/bits/stl_list.h: In instantiation of ‘[01m[Kstd::_List_node<_Tp>::_List_node(_Args&& ...) [with _Args = {const Node&}; _Tp = Node][m[K’:
[01m[K/usr/include/c++/5/ext/new_allocator.h:120:4:[m[K   required from ‘[01m[Kvoid __gnu_cxx::new_allocator<_Tp>::construct(_Up*, _Args&& ...) [with _Up = std::_List_node<Node>; _Args = {const Node&}; _Tp = std::_List_node<Node>][m[K’
[01m[K/usr/include/c++/5/bits/stl_list.h:574:8:[m[K   required from ‘[01m[Kstd::__cxx11::list<_Tp, _Alloc>::_Node* std::__cxx11::list<_Tp, _Alloc>::_M_create_node(_Args&& ...) [with _Args = {const Node&}; _Tp = Node; _Alloc = std::allocator<Node>; std::__cxx11::list<_Tp, _Alloc>::_Node = std::_List_node<Node>][m[K’
[01m[K/usr/include/c++/5/bits/stl_list.h:1763:32:[m[K   required from ‘[01m[Kvoid std::__cxx11::list<_Tp, _Alloc>::_M_insert(std::__cxx11::list<_Tp, _Alloc>::iterator, _Args&& ...) [with _Args = {const Node&}; _Tp = Node; _Alloc = std::allocator<Node>; std::__cxx11::list<_Tp, _Alloc>::iterator = std::_List_iterator<Node>][m[K’
[01m[K/usr/include/c++/5/bits/stl_list.h:1089:9:[m[K   required from ‘[01m[Kvoid std::__cxx11::list<_Tp, _Alloc>::push_back(const value_type&) [with _Tp = Node; _Alloc = std::allocator<Node>; std::__cxx11::list<_Tp, _Alloc>::value_type = Node][m[K’
[01m[K/home/mi/besahre/Documents/Bachelorarbeit/Modelcar-111/catkin_ws_user/src/rrt_star/src/ListOfNodes.cpp:25:35:[m[K   required from here
[01m[K/usr/include/c++/5/bits/stl_list.h:114:71:[m[K [01;31m[Kerror: [m[Kbinding ‘[01m[Kconst Node[m[K’ to reference of type ‘[01m[KNode&[m[K’ discards qualifiers
  : __detail::_List_node_base(), _M_data(std::forward<_Args>(__args)...) 
[01;32m[K                                                                       ^[m[K
In file included from [01m[K/home/mi/besahre/Documents/Bachelorarbeit/Modelcar-111/catkin_ws_user/src/rrt_star/src/ListOfNodes.h:7:0[m[K,
                 from [01m[K/home/mi/besahre/Documents/Bachelorarbeit/Modelcar-111/catkin_ws_user/src/rrt_star/src/ListOfNodes.cpp:8[m[K:
[01m[K/home/mi/besahre/Documents/Bachelorarbeit/Modelcar-111/catkin_ws_user/src/rrt_star/src/Node.h:39:2:[m[K [01;36m[Knote: [m[K  initializing argument 1 of ‘[01m[KNode::Node(Node&)[m[K’
  Node(Node&node);
[01;32m[K  ^[m[K
[01m[K/home/mi/besahre/Documents/Bachelorarbeit/Modelcar-111/catkin_ws_user/src/rrt_star/src/Node.cpp:[m[K In member function ‘[01m[Kbool Node::project_to_parent(Node&)[m[K’:
[01m[K/home/mi/besahre/Documents/Bachelorarbeit/Modelcar-111/catkin_ws_user/src/rrt_star/src/Node.cpp:150:13:[m[K [01;31m[Kerror: [m[Kno match for ‘[01m[Koperator==[m[K’ (operand types are ‘[01m[KNode[m[K’ and ‘[01m[Kstd::nullptr_t[m[K’)
  if (parent == nullptr) {
[01;32m[K             ^[m[K
make[2]: *** [CMakeFiles/rrt_star_node.dir/src/ListOfNodes.cpp.o] Error 1
make[2]: *** Waiting for unfinished jobs....
make[2]: *** [CMakeFiles/rrt_star_node.dir/src/Node.cpp.o] Error 1
[01m[K/home/mi/besahre/Documents/Bachelorarbeit/Modelcar-111/catkin_ws_user/src/rrt_star/src/RRTSTAR.cpp:[m[K In function ‘[01m[Kfub_trajectory_msgs::Trajectory rrt_star(const Node&)[m[K’:
[01m[K/home/mi/besahre/Documents/Bachelorarbeit/Modelcar-111/catkin_ws_user/src/rrt_star/src/RRTSTAR.cpp:57:23:[m[K [01;31m[Kerror: [m[Kno matching function for call to ‘[01m[KNode::Node(long int)[m[K’
  Node goal(10000000000);
[01;32m[K                       ^[m[K
In file included from [01m[K/home/mi/besahre/Documents/Bachelorarbeit/Modelcar-111/catkin_ws_user/src/rrt_star/src/RRTSTAR.h:10:0[m[K,
                 from [01m[K/home/mi/besahre/Documents/Bachelorarbeit/Modelcar-111/catkin_ws_user/src/rrt_star/src/RRTSTAR.cpp:8[m[K:
[01m[K/home/mi/besahre/Documents/Bachelorarbeit/Modelcar-111/catkin_ws_user/src/rrt_star/src/Node.h:39:2:[m[K [01;36m[Knote: [m[Kcandidate: Node::Node(Node&)
  Node(Node&node);
[01;32m[K  ^[m[K
[01m[K/home/mi/besahre/Documents/Bachelorarbeit/Modelcar-111/catkin_ws_user/src/rrt_star/src/Node.h:39:2:[m[K [01;36m[Knote: [m[K  no known conversion for argument 1 from ‘[01m[Klong int[m[K’ to ‘[01m[KNode&[m[K’
[01m[K/home/mi/besahre/Documents/Bachelorarbeit/Modelcar-111/catkin_ws_user/src/rrt_star/src/Node.h:37:2:[m[K [01;36m[Knote: [m[Kcandidate: Node::Node(const Vector2d&, double, Node*, Val, double)
  Node(const Vector2d& coor, double yaw, Node* parent, Val validation,
[01;32m[K  ^[m[K
[01m[K/home/mi/besahre/Documents/Bachelorarbeit/Modelcar-111/catkin_ws_user/src/rrt_star/src/Node.h:37:2:[m[K [01;36m[Knote: [m[K  candidate expects 5 arguments, 1 provided
[01m[K/home/mi/besahre/Documents/Bachelorarbeit/Modelcar-111/catkin_ws_user/src/rrt_star/src/Node.h:36:2:[m[K [01;36m[Knote: [m[Kcandidate: Node::Node()
  Node();
[01;32m[K  ^[m[K
[01m[K/home/mi/besahre/Documents/Bachelorarbeit/Modelcar-111/catkin_ws_user/src/rrt_star/src/Node.h:36:2:[m[K [01;36m[Knote: [m[K  candidate expects 0 arguments, 1 provided
[01m[K/home/mi/besahre/Documents/Bachelorarbeit/Modelcar-111/catkin_ws_user/src/rrt_star/src/Node.h:34:3:[m[K [01;36m[Knote: [m[Kcandidate: Node::Node(const Vector2d&)
   Node(const Vector2d& coor);
[01;32m[K   ^[m[K
[01m[K/home/mi/besahre/Documents/Bachelorarbeit/Modelcar-111/catkin_ws_user/src/rrt_star/src/Node.h:34:3:[m[K [01;36m[Knote: [m[K  no known conversion for argument 1 from ‘[01m[Klong int[m[K’ to ‘[01m[Kconst Vector2d& {aka const Eigen::Matrix<double, 2, 1>&}[m[K’
make[2]: *** [CMakeFiles/rrt_star_node.dir/src/RRTSTAR.cpp.o] Error 1
make[1]: *** [CMakeFiles/rrt_star_node.dir/all] Error 2
make: *** [all] Error 2
