/usr/bin/cmake -H/home/mi/besahre/Documents/Bachelorarbeit/Modelcar-111/catkin_ws_user/src/rrt_star -B/home/mi/besahre/Documents/Bachelorarbeit/Modelcar-111/catkin_ws_user/build/rrt_star --check-build-system CMakeFiles/Makefile.cmake 0
/usr/bin/cmake -E cmake_progress_start /home/mi/besahre/Documents/Bachelorarbeit/Modelcar-111/catkin_ws_user/build/rrt_star/CMakeFiles /home/mi/besahre/Documents/Bachelorarbeit/Modelcar-111/catkin_ws_user/build/rrt_star/CMakeFiles/progress.marks
/usr/bin/make -f CMakeFiles/Makefile2 all
make[1]: Entering directory '/home/mi/besahre/Documents/Bachelorarbeit/Modelcar-111/catkin_ws_user/build/rrt_star'
/usr/bin/make -f CMakeFiles/rrt_star_node.dir/build.make CMakeFiles/rrt_star_node.dir/depend
make[2]: Entering directory '/home/mi/besahre/Documents/Bachelorarbeit/Modelcar-111/catkin_ws_user/build/rrt_star'
cd /home/mi/besahre/Documents/Bachelorarbeit/Modelcar-111/catkin_ws_user/build/rrt_star && /usr/bin/cmake -E cmake_depends "Unix Makefiles" /home/mi/besahre/Documents/Bachelorarbeit/Modelcar-111/catkin_ws_user/src/rrt_star /home/mi/besahre/Documents/Bachelorarbeit/Modelcar-111/catkin_ws_user/src/rrt_star /home/mi/besahre/Documents/Bachelorarbeit/Modelcar-111/catkin_ws_user/build/rrt_star /home/mi/besahre/Documents/Bachelorarbeit/Modelcar-111/catkin_ws_user/build/rrt_star /home/mi/besahre/Documents/Bachelorarbeit/Modelcar-111/catkin_ws_user/build/rrt_star/CMakeFiles/rrt_star_node.dir/DependInfo.cmake --color=
Dependee "/home/mi/besahre/Documents/Bachelorarbeit/Modelcar-111/catkin_ws_user/build/rrt_star/CMakeFiles/rrt_star_node.dir/DependInfo.cmake" is newer than depender "/home/mi/besahre/Documents/Bachelorarbeit/Modelcar-111/catkin_ws_user/build/rrt_star/CMakeFiles/rrt_star_node.dir/depend.internal".
Dependee "/home/mi/besahre/Documents/Bachelorarbeit/Modelcar-111/catkin_ws_user/build/rrt_star/CMakeFiles/CMakeDirectoryInformation.cmake" is newer than depender "/home/mi/besahre/Documents/Bachelorarbeit/Modelcar-111/catkin_ws_user/build/rrt_star/CMakeFiles/rrt_star_node.dir/depend.internal".
Scanning dependencies of target rrt_star_node
make[2]: Leaving directory '/home/mi/besahre/Documents/Bachelorarbeit/Modelcar-111/catkin_ws_user/build/rrt_star'
/usr/bin/make -f CMakeFiles/rrt_star_node.dir/build.make CMakeFiles/rrt_star_node.dir/build
make[2]: Entering directory '/home/mi/besahre/Documents/Bachelorarbeit/Modelcar-111/catkin_ws_user/build/rrt_star'
[ 50%] Building CXX object CMakeFiles/rrt_star_node.dir/src/Main.cpp.o
/usr/bin/c++   -DROSCONSOLE_BACKEND_LOG4CXX -DROS_PACKAGE_NAME=\"rrt_star\" -I/home/mi/besahre/Documents/Bachelorarbeit/Modelcar-111/catkin_ws_user/devel/.private/fub_trajectory_msgs/include -I/opt/ros/kinetic/include -I/opt/ros/kinetic/share/xmlrpcpp/cmake/../../../include/xmlrpcpp  -g   -o CMakeFiles/rrt_star_node.dir/src/Main.cpp.o -c /home/mi/besahre/Documents/Bachelorarbeit/Modelcar-111/catkin_ws_user/src/rrt_star/src/Main.cpp
/home/mi/besahre/Documents/Bachelorarbeit/Modelcar-111/catkin_ws_user/src/rrt_star/src/Main.cpp:8:17: fatal error: Car.h: No such file or directory
compilation terminated.
CMakeFiles/rrt_star_node.dir/build.make:62: recipe for target 'CMakeFiles/rrt_star_node.dir/src/Main.cpp.o' failed
make[2]: Leaving directory '/home/mi/besahre/Documents/Bachelorarbeit/Modelcar-111/catkin_ws_user/build/rrt_star'
make[2]: *** [CMakeFiles/rrt_star_node.dir/src/Main.cpp.o] Error 1
CMakeFiles/Makefile2:1955: recipe for target 'CMakeFiles/rrt_star_node.dir/all' failed
make[1]: Leaving directory '/home/mi/besahre/Documents/Bachelorarbeit/Modelcar-111/catkin_ws_user/build/rrt_star'
make[1]: *** [CMakeFiles/rrt_star_node.dir/all] Error 2
Makefile:138: recipe for target 'all' failed
make: *** [all] Error 2
