Determining if the pthread_create exist failed with the following output:
Change Dir: /home/mi/besahre/Documents/Bachelorarbeit/Modelcar-111/catkin_ws_user/build/fisheye_camera_matrix_msgs/CMakeFiles/CMakeTmp

Run Build Command:"/usr/bin/make" "cmTC_7e269/fast"
/usr/bin/make -f CMakeFiles/cmTC_7e269.dir/build.make CMakeFiles/cmTC_7e269.dir/build
make[1]: Entering directory '/home/mi/besahre/Documents/Bachelorarbeit/Modelcar-111/catkin_ws_user/build/fisheye_camera_matrix_msgs/CMakeFiles/CMakeTmp'
Building C object CMakeFiles/cmTC_7e269.dir/CheckSymbolExists.c.o
/usr/bin/cc     -o CMakeFiles/cmTC_7e269.dir/CheckSymbolExists.c.o   -c /home/mi/besahre/Documents/Bachelorarbeit/Modelcar-111/catkin_ws_user/build/fisheye_camera_matrix_msgs/CMakeFiles/CMakeTmp/CheckSymbolExists.c
Linking C executable cmTC_7e269
/usr/bin/cmake -E cmake_link_script CMakeFiles/cmTC_7e269.dir/link.txt --verbose=1
/usr/bin/cc       CMakeFiles/cmTC_7e269.dir/CheckSymbolExists.c.o  -o cmTC_7e269 -rdynamic 
CMakeFiles/cmTC_7e269.dir/CheckSymbolExists.c.o: In function `main':
CheckSymbolExists.c:(.text+0x16): undefined reference to `pthread_create'
collect2: error: ld returned 1 exit status
CMakeFiles/cmTC_7e269.dir/build.make:97: recipe for target 'cmTC_7e269' failed
make[1]: *** [cmTC_7e269] Error 1
make[1]: Leaving directory '/home/mi/besahre/Documents/Bachelorarbeit/Modelcar-111/catkin_ws_user/build/fisheye_camera_matrix_msgs/CMakeFiles/CMakeTmp'
Makefile:126: recipe for target 'cmTC_7e269/fast' failed
make: *** [cmTC_7e269/fast] Error 2

File /home/mi/besahre/Documents/Bachelorarbeit/Modelcar-111/catkin_ws_user/build/fisheye_camera_matrix_msgs/CMakeFiles/CMakeTmp/CheckSymbolExists.c:
/* */
#include <pthread.h>

int main(int argc, char** argv)
{
  (void)argv;
#ifndef pthread_create
  return ((int*)(&pthread_create))[argc];
#else
  (void)argc;
  return 0;
#endif
}

Determining if the function pthread_create exists in the pthreads failed with the following output:
Change Dir: /home/mi/besahre/Documents/Bachelorarbeit/Modelcar-111/catkin_ws_user/build/fisheye_camera_matrix_msgs/CMakeFiles/CMakeTmp

Run Build Command:"/usr/bin/make" "cmTC_4bbd2/fast"
/usr/bin/make -f CMakeFiles/cmTC_4bbd2.dir/build.make CMakeFiles/cmTC_4bbd2.dir/build
make[1]: Entering directory '/home/mi/besahre/Documents/Bachelorarbeit/Modelcar-111/catkin_ws_user/build/fisheye_camera_matrix_msgs/CMakeFiles/CMakeTmp'
Building C object CMakeFiles/cmTC_4bbd2.dir/CheckFunctionExists.c.o
/usr/bin/cc    -DCHECK_FUNCTION_EXISTS=pthread_create   -o CMakeFiles/cmTC_4bbd2.dir/CheckFunctionExists.c.o   -c /usr/share/cmake-3.5/Modules/CheckFunctionExists.c
Linking C executable cmTC_4bbd2
/usr/bin/cmake -E cmake_link_script CMakeFiles/cmTC_4bbd2.dir/link.txt --verbose=1
/usr/bin/cc   -DCHECK_FUNCTION_EXISTS=pthread_create    CMakeFiles/cmTC_4bbd2.dir/CheckFunctionExists.c.o  -o cmTC_4bbd2 -rdynamic -lpthreads 
/usr/bin/ld: cannot find -lpthreads
collect2: error: ld returned 1 exit status
CMakeFiles/cmTC_4bbd2.dir/build.make:97: recipe for target 'cmTC_4bbd2' failed
make[1]: *** [cmTC_4bbd2] Error 1
make[1]: Leaving directory '/home/mi/besahre/Documents/Bachelorarbeit/Modelcar-111/catkin_ws_user/build/fisheye_camera_matrix_msgs/CMakeFiles/CMakeTmp'
Makefile:126: recipe for target 'cmTC_4bbd2/fast' failed
make: *** [cmTC_4bbd2/fast] Error 2


